Thu Jul 24 13:48:59 CST 2014  [debug] AvalonLogSystem initialized using logfile 'velocity.log'
Thu Jul 24 13:48:59 CST 2014   [info] ************************************************************** 
Thu Jul 24 13:48:59 CST 2014   [info] Starting Jakarta Velocity v1.4
Thu Jul 24 13:48:59 CST 2014   [info] RuntimeInstance initializing.
Thu Jul 24 13:48:59 CST 2014   [info] Default Properties File: org\apache\velocity\runtime\defaults\velocity.properties
Thu Jul 24 13:48:59 CST 2014   [info] Trying to use logger class org.apache.velocity.runtime.log.AvalonLogSystem
Thu Jul 24 13:48:59 CST 2014   [info] Using logger class org.apache.velocity.runtime.log.AvalonLogSystem
Thu Jul 24 13:48:59 CST 2014   [info] Default ResourceManager initializing. (class org.apache.velocity.runtime.resource.ResourceManagerImpl)
Thu Jul 24 13:48:59 CST 2014   [info] Resource Loader Instantiated: org.apache.velocity.runtime.resource.loader.FileResourceLoader
Thu Jul 24 13:48:59 CST 2014   [info] FileResourceLoader : initialization starting.
Thu Jul 24 13:48:59 CST 2014   [info] FileResourceLoader : adding path '.'
Thu Jul 24 13:48:59 CST 2014   [info] FileResourceLoader : initialization complete.
Thu Jul 24 13:48:59 CST 2014   [info] ResourceCache : initialized. (class org.apache.velocity.runtime.resource.ResourceCacheImpl)
Thu Jul 24 13:48:59 CST 2014   [info] Default ResourceManager initialization complete.
Thu Jul 24 13:48:59 CST 2014   [info] Loaded System Directive: org.apache.velocity.runtime.directive.Literal
Thu Jul 24 13:48:59 CST 2014   [info] Loaded System Directive: org.apache.velocity.runtime.directive.Macro
Thu Jul 24 13:48:59 CST 2014   [info] Loaded System Directive: org.apache.velocity.runtime.directive.Parse
Thu Jul 24 13:48:59 CST 2014   [info] Loaded System Directive: org.apache.velocity.runtime.directive.Include
Thu Jul 24 13:48:59 CST 2014   [info] Loaded System Directive: org.apache.velocity.runtime.directive.Foreach
Thu Jul 24 13:48:59 CST 2014   [info] Created: 20 parsers.
Thu Jul 24 13:48:59 CST 2014   [info] Velocimacro : initialization starting.
Thu Jul 24 13:48:59 CST 2014   [info] Velocimacro : adding VMs from VM library template : VM_global_library.vm
Thu Jul 24 13:48:59 CST 2014  [error] ResourceManager : unable to find resource 'VM_global_library.vm' in any resource loader.
Thu Jul 24 13:48:59 CST 2014   [info] Velocimacro : error using  VM library template VM_global_library.vm : org.apache.velocity.exception.ResourceNotFoundException: Unable to find resource 'VM_global_library.vm'
Thu Jul 24 13:48:59 CST 2014   [info] Velocimacro :  VM library template macro registration complete.
Thu Jul 24 13:48:59 CST 2014   [info] Velocimacro : allowInline = true : VMs can be defined inline in templates
Thu Jul 24 13:48:59 CST 2014   [info] Velocimacro : allowInlineToOverride = false : VMs defined inline may NOT replace previous VM definitions
Thu Jul 24 13:48:59 CST 2014   [info] Velocimacro : allowInlineLocal = false : VMs defined inline will be  global in scope if allowed.
Thu Jul 24 13:48:59 CST 2014   [info] Velocimacro : messages on  : VM system will output logging messages
Thu Jul 24 13:48:59 CST 2014   [info] Velocimacro : autoload off  : VM system will not automatically reload global library macros
Thu Jul 24 13:48:59 CST 2014   [info] Velocimacro : initialization complete.
Thu Jul 24 13:48:59 CST 2014   [info] Velocity successfully started.
Thu Jul 24 13:48:59 CST 2014   [info] ResourceManager : found /src/generator/resources/template1/po.vm with loader org.apache.velocity.runtime.resource.loader.FileResourceLoader
