INFO 2014-07-21 18:12:53 会话已创建
INFO 2014-07-21 18:13:06 超级系统管理员用户,已经登录esk2系统.
INFO 2014-07-21 18:13:19 列表菜单管理成功.
INFO 2014-07-21 18:18:47 超级系统管理员用户,已经登录esk2系统.
INFO 2014-07-21 18:18:47 超级系统管理员用户,已经退出系统.
INFO 2014-07-22 16:34:52 会话已创建
INFO 2014-07-22 16:35:05 超级系统管理员用户,已经登录esk2系统.
INFO 2014-07-22 16:35:50 超级系统管理员用户,已经登录esk2系统.
INFO 2014-07-22 16:35:50 超级系统管理员用户,已经退出系统.
INFO 2014-07-22 16:36:47 超级系统管理员用户,已经登录esk2系统.
INFO 2014-07-22 16:36:47 超级系统管理员用户,已经退出系统.
INFO 2014-07-22 16:37:03 超级系统管理员用户,已经登录esk2系统.
INFO 2014-07-22 16:37:03 超级系统管理员用户,已经退出系统.
INFO 2014-07-22 17:00:04 会话已创建
INFO 2014-07-22 17:00:21 超级系统管理员用户,已经登录esk2系统.
INFO 2014-07-22 17:00:59 超级系统管理员用户,已经登录esk2系统.
INFO 2014-07-22 17:00:59 超级系统管理员用户,已经退出系统.
INFO 2014-07-22 17:20:39 超级系统管理员用户,已经登录esk2系统.
INFO 2014-07-22 17:20:39 超级系统管理员用户,已经退出系统.
INFO 2014-07-22 17:39:40 超级系统管理员用户,已经登录esk2系统.
INFO 2014-07-22 17:39:40 超级系统管理员用户,已经退出系统.
INFO 2014-07-22 17:40:45 超级系统管理员用户,已经登录esk2系统.
INFO 2014-07-22 17:40:45 超级系统管理员用户,已经退出系统.
INFO 2014-07-22 17:46:39 超级系统管理员用户,已经登录esk2系统.
INFO 2014-07-22 17:46:39 超级系统管理员用户,已经退出系统.
INFO 2014-07-22 17:47:10 超级系统管理员用户,已经登录esk2系统.
INFO 2014-07-22 17:47:10 超级系统管理员用户,已经退出系统.
INFO 2014-07-22 17:48:57 超级系统管理员用户,已经登录esk2系统.
INFO 2014-07-22 17:48:57 超级系统管理员用户,已经退出系统.
INFO 2014-07-22 17:50:30 超级系统管理员用户,已经登录esk2系统.
INFO 2014-07-22 17:50:31 超级系统管理员用户,已经退出系统.
INFO 2014-07-22 17:58:53 列表菜单成功.
INFO 2014-07-22 17:59:49 超级系统管理员用户,已经登录esk2系统.
INFO 2014-07-22 17:59:49 超级系统管理员用户,已经退出系统.
INFO 2014-07-22 18:00:11 列表菜单成功.
INFO 2014-07-22 18:01:20 超级系统管理员用户,已经登录esk2系统.
INFO 2014-07-22 18:01:22 超级系统管理员用户,已经退出系统.
INFO 2014-07-22 18:01:26 超级系统管理员用户,已经登录esk2系统.
INFO 2014-07-22 18:01:52 超级系统管理员用户,已经登录esk2系统.
INFO 2014-07-22 18:01:55 列表操作员管理成功.
INFO 2014-07-22 18:01:59 修改登录广告成功.
INFO 2014-07-22 18:02:08 浏览操作员管理成功.
INFO 2014-07-22 18:02:10 列表操作员管理成功.
INFO 2014-07-22 18:02:26 修改保存登录广告[10]成功.
INFO 2014-07-22 18:02:26 修改登录广告成功.
INFO 2014-07-22 18:02:59 浏览登录广告成功.
INFO 2014-07-22 18:03:04 修改登录广告成功.
INFO 2014-07-22 18:03:10 修改保存登录广告[10]成功.
INFO 2014-07-22 18:03:10 修改登录广告成功.
INFO 2014-07-22 18:03:54 修改登录广告成功.
INFO 2014-07-22 18:04:15 浏览登录广告成功.
INFO 2014-07-22 18:04:18 修改登录广告成功.
INFO 2014-07-22 18:06:03 超级系统管理员用户,已经登录esk2系统.
INFO 2014-07-22 18:06:03 超级系统管理员用户,已经退出系统.
INFO 2014-07-22 18:06:20 超级系统管理员用户,已经登录esk2系统.
INFO 2014-07-22 18:06:22 修改登录广告成功.
INFO 2014-07-22 18:06:28 修改保存登录广告[10]成功.
INFO 2014-07-22 18:06:28 修改登录广告成功.
INFO 2014-07-22 18:06:33 修改保存登录广告[10]成功.
INFO 2014-07-22 18:06:33 修改登录广告成功.
INFO 2014-07-22 18:09:19 修改登录广告成功.
INFO 2014-07-22 18:09:40 列表菜单管理成功.
INFO 2014-07-22 18:09:47 列表菜单管理成功.
INFO 2014-07-22 18:09:49 列表菜单管理成功.
INFO 2014-07-22 18:09:51 浏览菜单管理成功.
INFO 2014-07-22 18:09:53 修改菜单管理成功.
INFO 2014-07-22 18:09:57 修改保存菜单管理[3]成功.
INFO 2014-07-22 18:09:57 浏览菜单管理成功.
INFO 2014-07-22 18:10:00 列表菜单管理成功.
INFO 2014-07-22 18:10:00 列表菜单管理成功.
INFO 2014-07-22 18:10:05 增加菜单管理成功.
INFO 2014-07-22 18:10:29 增加保存菜单管理[29]成功.
INFO 2014-07-22 18:10:29 浏览菜单管理成功.
INFO 2014-07-22 18:10:35 列表菜单管理成功.
INFO 2014-07-22 18:10:40 调整保存菜单管理成功.
INFO 2014-07-22 18:10:44 调整保存菜单管理成功.
INFO 2014-07-22 18:10:44 调整保存菜单管理成功.
INFO 2014-07-22 18:10:45 列表菜单管理成功.
INFO 2014-07-22 18:10:50 列表菜单管理成功.
INFO 2014-07-22 18:10:53 增加菜单管理成功.
INFO 2014-07-22 18:11:00 增加保存菜单管理[30]成功.
INFO 2014-07-22 18:11:00 浏览菜单管理成功.
INFO 2014-07-22 18:11:04 列表菜单管理成功.
INFO 2014-07-22 18:11:06 增加菜单管理成功.
INFO 2014-07-22 18:11:19 增加保存菜单管理[31]成功.
INFO 2014-07-22 18:11:19 浏览菜单管理成功.
INFO 2014-07-22 18:11:22 列表菜单管理成功.
INFO 2014-07-22 18:11:26 增加菜单管理成功.
INFO 2014-07-22 18:11:32 增加保存菜单管理[32]成功.
INFO 2014-07-22 18:11:32 浏览菜单管理成功.
INFO 2014-07-22 18:11:34 列表菜单管理成功.
INFO 2014-07-22 18:11:41 超级系统管理员用户,已经登录esk2系统.
INFO 2014-07-22 18:11:41 超级系统管理员用户,已经退出系统.
INFO 2014-07-22 18:27:05 超级系统管理员用户,已经登录esk2系统.
INFO 2014-07-22 18:27:09 列表权限成功.
INFO 2014-07-22 18:27:10 浏览权限成功.
INFO 2014-07-22 18:27:14 操作权限[进入设置权限]成功.
INFO 2014-07-22 18:27:18 浏览权限成功.
INFO 2014-07-22 18:27:20 列表权限成功.
INFO 2014-07-22 18:27:45 列表数据词典成功.
INFO 2014-07-22 18:34:52 超级系统管理员用户,已经退出系统.
INFO 2014-07-23 10:47:14 会话已创建
INFO 2014-07-23 10:47:22 超级系统管理员用户,已经登录esk2系统.
INFO 2014-07-23 10:48:22 修改登录广告成功.
INFO 2014-07-23 11:19:04 超级系统管理员已经退出系统.
INFO 2014-07-23 11:27:03 会话已创建
INFO 2014-07-23 13:27:35 会话已创建
INFO 2014-07-23 14:08:56 会话已创建
INFO 2014-07-23 14:27:21 超级系统管理员用户,已经登录esk2系统.
INFO 2014-07-23 14:27:26 修改登录广告成功.
INFO 2014-07-23 14:27:52 修改登录广告成功.
INFO 2014-07-23 14:28:08 修改登录广告成功.
INFO 2014-07-23 14:28:43 修改登录广告成功.
INFO 2014-07-23 14:29:02 修改登录广告成功.
INFO 2014-07-23 14:29:50 修改登录广告成功.
INFO 2014-07-23 14:30:18 修改登录广告成功.
INFO 2014-07-23 14:30:52 修改登录广告成功.
INFO 2014-07-23 14:31:22 修改登录广告成功.
INFO 2014-07-23 14:31:36 修改登录广告成功.
INFO 2014-07-23 14:31:56 修改登录广告成功.
INFO 2014-07-23 14:32:16 修改登录广告成功.
INFO 2014-07-23 14:32:30 修改登录广告成功.
INFO 2014-07-23 14:32:58 修改登录广告成功.
INFO 2014-07-23 14:34:29 修改登录广告成功.
INFO 2014-07-23 14:34:35 修改保存登录广告[10]成功.
INFO 2014-07-23 14:34:35 修改登录广告成功.
INFO 2014-07-23 14:35:50 修改登录广告成功.
INFO 2014-07-23 14:37:45 修改登录广告成功.
INFO 2014-07-23 14:39:11 修改登录广告成功.
INFO 2014-07-23 14:39:22 修改登录广告成功.
INFO 2014-07-23 14:40:56 修改登录广告成功.
INFO 2014-07-23 14:44:17 修改登录广告成功.
INFO 2014-07-23 14:44:31 修改登录广告成功.
INFO 2014-07-23 14:44:44 列表权限成功.
INFO 2014-07-23 14:44:47 浏览权限成功.
INFO 2014-07-23 14:45:10 列表权限成功.
INFO 2014-07-23 14:45:14 修改登录广告成功.
INFO 2014-07-23 14:46:02 修改登录广告成功.
INFO 2014-07-23 14:46:17 列表操作员管理成功.
INFO 2014-07-23 14:46:18 浏览操作员管理成功.
INFO 2014-07-23 14:47:12 修改登录广告成功.
INFO 2014-07-23 14:48:10 修改登录广告成功.
INFO 2014-07-23 14:48:31 修改登录广告成功.
INFO 2014-07-23 14:48:41 修改登录广告成功.
INFO 2014-07-23 14:49:05 修改登录广告成功.
INFO 2014-07-23 14:49:14 修改登录广告成功.
INFO 2014-07-23 14:49:25 修改登录广告成功.
INFO 2014-07-23 14:50:20 列表权限成功.
INFO 2014-07-23 14:50:22 浏览权限成功.
INFO 2014-07-23 14:50:24 列表权限成功.
INFO 2014-07-23 14:50:49 修改登录广告成功.
INFO 2014-07-23 14:51:10 修改登录广告成功.
INFO 2014-07-23 14:52:20 修改登录广告成功.
INFO 2014-07-23 14:52:37 修改登录广告成功.
INFO 2014-07-23 14:53:07 修改登录广告成功.
INFO 2014-07-23 14:53:30 修改登录广告成功.
INFO 2014-07-23 14:54:02 列表操作员管理成功.
INFO 2014-07-23 14:55:15 列表操作员管理成功.
INFO 2014-07-23 14:55:38 列表操作员管理成功.
INFO 2014-07-23 14:56:23 列表操作员管理成功.
INFO 2014-07-23 14:56:30 列表权限成功.
INFO 2014-07-23 14:58:39 列表权限成功.
INFO 2014-07-23 14:59:07 列表菜单管理成功.
INFO 2014-07-23 14:59:52 列表操作员管理成功.
INFO 2014-07-23 14:59:58 列表数据词典成功.
INFO 2014-07-23 15:02:24 列表操作员管理成功.
INFO 2014-07-23 15:03:04 列表菜单管理成功.
INFO 2014-07-23 15:04:55 列表操作员管理成功.
INFO 2014-07-23 15:05:04 列表菜单管理成功.
INFO 2014-07-23 15:05:29 列表数据词典成功.
INFO 2014-07-23 15:05:33 列表权限成功.
INFO 2014-07-23 15:06:06 列表操作员管理成功.
INFO 2014-07-23 15:06:25 修改登录广告成功.
INFO 2014-07-23 15:08:04 列表操作员管理成功.
INFO 2014-07-23 15:12:57 列表操作员管理成功.
INFO 2014-07-23 15:13:18 列表操作员管理成功.
INFO 2014-07-23 15:14:29 列表操作员管理成功.
INFO 2014-07-23 15:14:58 列表操作员管理成功.
INFO 2014-07-23 15:15:46 列表操作员管理成功.
INFO 2014-07-23 15:16:38 列表操作员管理成功.
INFO 2014-07-23 15:17:04 列表操作员管理成功.
INFO 2014-07-23 15:17:20 列表操作员管理成功.
INFO 2014-07-23 15:17:42 列表菜单管理成功.
INFO 2014-07-23 15:20:14 列表权限成功.
INFO 2014-07-23 15:20:21 超级系统管理员用户,已经登录esk2系统.
INFO 2014-07-23 15:20:21 超级系统管理员用户,已经退出系统.
INFO 2014-07-23 15:21:09 超级系统管理员用户,已经登录esk2系统.
INFO 2014-07-23 15:21:09 超级系统管理员用户,已经退出系统.
INFO 2014-07-23 15:21:54 超级系统管理员用户,已经登录esk2系统.
INFO 2014-07-23 15:21:54 超级系统管理员用户,已经退出系统.
INFO 2014-07-23 15:22:20 超级系统管理员用户,已经登录esk2系统.
INFO 2014-07-23 15:22:20 超级系统管理员用户,已经退出系统.
INFO 2014-07-23 15:22:42 超级系统管理员用户,已经登录esk2系统.
INFO 2014-07-23 15:22:49 修改登录广告成功.
INFO 2014-07-23 15:24:42 列表操作员管理成功.
INFO 2014-07-23 15:24:57 浏览操作员管理成功.
INFO 2014-07-23 15:30:11 超级系统管理员用户,已经退出系统.
INFO 2014-07-23 15:30:37 超级系统管理员用户,已经登录esk2系统.
INFO 2014-07-23 15:30:51 修改登录广告成功.
INFO 2014-07-23 15:31:36 修改登录广告成功.
INFO 2014-07-23 15:32:45 列表操作员管理成功.
INFO 2014-07-23 15:32:47 浏览操作员管理成功.
INFO 2014-07-23 15:35:22 修改登录广告成功.
INFO 2014-07-23 15:36:00 修改登录广告成功.
INFO 2014-07-23 15:36:12 修改登录广告成功.
INFO 2014-07-23 15:36:17 列表操作员管理成功.
INFO 2014-07-23 15:36:21 浏览操作员管理成功.
INFO 2014-07-23 15:36:22 浏览操作员管理成功.
INFO 2014-07-23 15:37:06 修改登录广告成功.
INFO 2014-07-23 15:37:27 修改登录广告成功.
INFO 2014-07-23 15:37:36 列表权限成功.
INFO 2014-07-23 15:37:37 浏览权限成功.
INFO 2014-07-23 15:38:19 修改登录广告成功.
INFO 2014-07-23 15:40:08 修改登录广告成功.
INFO 2014-07-23 15:40:33 修改登录广告成功.
INFO 2014-07-23 15:40:52 列表权限成功.
INFO 2014-07-23 15:41:02 列表操作员管理成功.
INFO 2014-07-23 15:41:36 列表操作员管理成功.
INFO 2014-07-23 15:41:51 列表操作员管理成功.
INFO 2014-07-23 15:42:22 列表操作员管理成功.
INFO 2014-07-23 15:42:38 列表操作员管理成功.
INFO 2014-07-23 15:42:51 列表操作员管理成功.
INFO 2014-07-23 15:43:09 列表权限成功.
INFO 2014-07-23 15:44:06 修改登录广告成功.
INFO 2014-07-23 15:45:08 列表操作员管理成功.
INFO 2014-07-23 16:13:12 列表操作员管理成功.
INFO 2014-07-23 16:13:57 会话已创建
INFO 2014-07-23 16:14:04 超级系统管理员用户,已经登录esk2系统.
INFO 2014-07-23 16:14:26 列表权限成功.
INFO 2014-07-23 16:14:27 列表操作员管理成功.
INFO 2014-07-23 16:15:36 列表操作员管理成功.
INFO 2014-07-23 16:15:38 列表权限成功.
INFO 2014-07-23 16:16:15 修改登录广告成功.
INFO 2014-07-23 16:16:18 列表操作员管理成功.
INFO 2014-07-23 16:21:59 列表操作员管理成功.
INFO 2014-07-23 16:22:05 超级系统管理员用户,已经退出系统.
INFO 2014-07-23 16:52:06 超级系统管理员已经退出系统.
INFO 2014-07-23 17:28:53 会话已创建
INFO 2014-07-23 17:29:04 超级系统管理员用户,已经登录esk2系统.
INFO 2014-07-23 17:29:09 列表操作员管理成功.
INFO 2014-07-23 17:30:54 列表操作员管理成功.
INFO 2014-07-23 17:33:31 列表操作员管理成功.
INFO 2014-07-23 17:34:00 列表操作员管理成功.
INFO 2014-07-23 17:34:28 列表操作员管理成功.
INFO 2014-07-23 17:37:26 列表操作员管理成功.
INFO 2014-07-23 17:38:44 列表操作员管理成功.
INFO 2014-07-23 17:46:14 列表操作员管理成功.
INFO 2014-07-23 17:47:38 列表操作员管理成功.
INFO 2014-07-23 17:47:52 列表操作员管理成功.
INFO 2014-07-23 17:48:12 列表操作员管理成功.
INFO 2014-07-23 17:48:28 列表操作员管理成功.
INFO 2014-07-23 17:48:44 列表操作员管理成功.
INFO 2014-07-23 17:49:20 列表操作员管理成功.
INFO 2014-07-23 18:16:32 浏览操作员管理成功.
INFO 2014-07-23 18:27:34 列表操作员管理成功.
INFO 2014-07-23 18:35:07 列表操作员管理成功.
INFO 2014-07-23 18:35:26 列表操作员管理成功.
INFO 2014-07-23 18:35:42 列表操作员管理成功.
INFO 2014-07-23 18:35:46 列表权限成功.
INFO 2014-07-23 18:35:48 浏览权限成功.
INFO 2014-07-23 18:35:51 列表权限成功.
INFO 2014-07-23 18:36:19 列表权限成功.
INFO 2014-07-23 18:36:31 列表权限成功.
INFO 2014-07-23 18:36:41 列表权限成功.
INFO 2014-07-23 18:36:53 列表权限成功.
INFO 2014-07-23 18:37:02 列表操作员管理成功.
INFO 2014-07-23 18:37:11 列表权限成功.
INFO 2014-07-23 18:37:42 列表操作员管理成功.
INFO 2014-07-23 18:38:12 列表操作员管理成功.
INFO 2014-07-23 18:38:53 列表操作员管理成功.
INFO 2014-07-23 18:39:11 列表权限成功.
INFO 2014-07-23 18:39:20 查找权限成功.
INFO 2014-07-23 18:47:27 查找权限成功.
INFO 2014-07-23 18:47:57 列表权限成功.
INFO 2014-07-23 18:51:24 修改登录广告成功.
INFO 2014-07-23 18:51:56 修改登录广告成功.
INFO 2014-07-23 18:52:05 列表权限成功.
INFO 2014-07-23 18:52:52 修改登录广告成功.
INFO 2014-07-23 18:55:00 修改登录广告成功.
INFO 2014-07-23 18:55:06 列表权限成功.
INFO 2014-07-23 18:56:29 列表权限成功.
INFO 2014-07-23 19:02:57 列表操作员管理成功.
INFO 2014-07-23 19:16:56 超级系统管理员用户,已经退出系统.
INFO 2014-07-24 09:21:19 会话已创建
INFO 2014-07-24 09:21:26 超级系统管理员用户,已经登录esk2系统.
INFO 2014-07-24 09:21:35 列表试玩赛场管理成功.
INFO 2014-07-24 09:21:40 浏览试玩赛场管理成功.
INFO 2014-07-24 09:21:43 增加明细试玩赛场管理成功.
INFO 2014-07-24 09:22:32 列表试玩赛场管理成功.
INFO 2014-07-24 09:22:33 浏览试玩赛场管理成功.
INFO 2014-07-24 09:22:53 增加明细试玩赛场管理成功.
INFO 2014-07-24 09:23:08 浏览试玩赛场管理成功.
INFO 2014-07-24 09:23:09 增加明细试玩赛场管理成功.
INFO 2014-07-24 09:23:50 浏览试玩赛场管理成功.
INFO 2014-07-24 09:23:51 增加明细试玩赛场管理成功.
INFO 2014-07-24 09:24:11 浏览试玩赛场管理成功.
INFO 2014-07-24 09:24:12 增加明细试玩赛场管理成功.
INFO 2014-07-24 09:24:29 浏览试玩赛场管理成功.
INFO 2014-07-24 09:24:29 增加明细试玩赛场管理成功.
INFO 2014-07-24 09:26:24 增加明细试玩赛场管理成功.
INFO 2014-07-24 09:28:02 增加明细试玩赛场管理成功.
INFO 2014-07-24 09:29:15 列表数据词典成功.
INFO 2014-07-24 09:29:17 浏览数据词典成功.
INFO 2014-07-24 09:29:30 增加明细数据词典成功.
INFO 2014-07-24 09:29:53 浏览数据词典成功.
INFO 2014-07-24 09:29:55 列表主赛场管理成功.
INFO 2014-07-24 09:29:56 浏览主赛场管理成功.
INFO 2014-07-24 09:29:58 增加明细主赛场管理成功.
INFO 2014-07-24 09:30:21 用户重复提交!
INFO 2014-07-24 09:30:21 操作主赛场管理成功.
INFO 2014-07-24 09:30:48 列表主赛场管理成功.
INFO 2014-07-24 09:30:51 增加明细主赛场管理成功.
INFO 2014-07-24 09:30:58 用户重复提交!
INFO 2014-07-24 09:30:58 操作主赛场管理成功.
INFO 2014-07-24 09:31:27 增加明细主赛场管理成功.
INFO 2014-07-24 09:31:31 用户重复提交!
INFO 2014-07-24 09:31:31 操作主赛场管理成功.
INFO 2014-07-24 09:31:35 列表主赛场管理成功.
INFO 2014-07-24 09:31:48 列表主赛场管理成功.
INFO 2014-07-24 09:31:49 增加主赛场管理成功.
INFO 2014-07-24 09:32:12 列表主赛场管理成功.
INFO 2014-07-24 09:32:15 增加主赛场管理成功.
INFO 2014-07-24 09:32:20 列表主赛场管理成功.
INFO 2014-07-24 09:32:21 增加主赛场管理成功.
INFO 2014-07-24 09:32:49 增加保存主赛场管理[8]成功.
INFO 2014-07-24 09:32:49 浏览主赛场管理成功.
INFO 2014-07-24 09:32:56 增加明细主赛场管理成功.
INFO 2014-07-24 09:33:01 用户重复提交!
INFO 2014-07-24 09:33:01 操作主赛场管理成功.
INFO 2014-07-24 09:33:06 列表主赛场管理成功.
INFO 2014-07-24 09:33:26 增加明细主赛场管理成功.
INFO 2014-07-24 09:33:33 用户重复提交!
INFO 2014-07-24 09:34:00 操作主赛场管理成功.
INFO 2014-07-24 09:35:38 增加明细主赛场管理成功.
INFO 2014-07-24 09:37:09 浏览主赛场管理成功.
INFO 2014-07-24 09:37:14 增加明细主赛场管理成功.
INFO 2014-07-24 09:37:52 增加明细主赛场管理成功.
INFO 2014-07-24 09:38:23 增加明细主赛场管理成功.
INFO 2014-07-24 09:38:29 浏览主赛场管理成功.
INFO 2014-07-24 09:40:43 超级系统管理员用户,已经登录esk2系统.
INFO 2014-07-24 09:40:47 列表操作员管理成功.
INFO 2014-07-24 09:50:10 列表操作员管理成功.
INFO 2014-07-24 09:50:27 列表操作员管理成功.
INFO 2014-07-24 09:50:55 列表操作员管理成功.
INFO 2014-07-24 09:51:31 列表操作员管理成功.
INFO 2014-07-24 09:51:59 列表操作员管理成功.
INFO 2014-07-24 09:52:17 列表操作员管理成功.
INFO 2014-07-24 09:52:32 列表操作员管理成功.
INFO 2014-07-24 09:52:45 列表操作员管理成功.
INFO 2014-07-24 09:52:53 列表操作员管理成功.
INFO 2014-07-24 09:53:02 列表操作员管理成功.
INFO 2014-07-24 09:53:48 列表操作员管理成功.
INFO 2014-07-24 09:54:05 列表操作员管理成功.
INFO 2014-07-24 09:54:15 列表操作员管理成功.
INFO 2014-07-24 09:55:23 超级系统管理员用户,已经登录esk2系统.
INFO 2014-07-24 09:55:23 超级系统管理员用户,已经登录esk2系统.
INFO 2014-07-24 09:55:28 列表试玩赛场管理成功.
INFO 2014-07-24 09:55:34 浏览试玩赛场管理成功.
INFO 2014-07-24 09:55:36 增加明细试玩赛场管理成功.
INFO 2014-07-24 09:55:41 操作试玩赛场管理[16]成功.
INFO 2014-07-24 09:55:41 浏览明细试玩赛场管理成功.
INFO 2014-07-24 09:55:44 浏览试玩赛场管理成功.
INFO 2014-07-24 10:01:42 浏览明细试玩赛场管理成功.
INFO 2014-07-24 10:01:45 删除明细试玩赛场管理[16]成功.
INFO 2014-07-24 10:01:46 浏览试玩赛场管理成功.
INFO 2014-07-24 10:01:47 列表试玩赛场管理成功.
INFO 2014-07-24 10:01:56 浏览试玩赛场管理成功.
INFO 2014-07-24 10:01:58 列表试玩赛场管理成功.
INFO 2014-07-24 10:02:03 浏览试玩赛场管理成功.
INFO 2014-07-24 10:02:07 列表试玩赛场管理成功.
INFO 2014-07-24 10:03:05 列表操作员管理成功.
INFO 2014-07-24 10:03:16 列表权限成功.
INFO 2014-07-24 10:03:29 列表权限成功.
INFO 2014-07-24 10:03:33 列表操作员管理成功.
INFO 2014-07-24 10:03:56 列表操作员管理成功.
INFO 2014-07-24 10:04:48 列表权限成功.
INFO 2014-07-24 10:05:22 列表权限成功.
INFO 2014-07-24 10:06:26 列表权限成功.
INFO 2014-07-24 10:06:52 列表权限成功.
INFO 2014-07-24 10:07:11 列表操作员管理成功.
INFO 2014-07-24 10:08:22 列表试玩赛场管理成功.
INFO 2014-07-24 10:08:43 列表试玩赛场管理成功.
INFO 2014-07-24 10:08:46 浏览试玩赛场管理成功.
INFO 2014-07-24 10:08:53 列表主赛场管理成功.
INFO 2014-07-24 10:08:56 浏览主赛场管理成功.
INFO 2014-07-24 10:08:59 修改主赛场管理成功.
INFO 2014-07-24 10:09:01 浏览主赛场管理成功.
INFO 2014-07-24 10:09:03 删除主赛场管理[8]成功.
INFO 2014-07-24 10:09:03 列表主赛场管理成功.
INFO 2014-07-24 10:09:05 增加主赛场管理成功.
INFO 2014-07-24 10:10:24 列表主赛场管理成功.
INFO 2014-07-24 10:10:28 浏览主赛场管理成功.
INFO 2014-07-24 10:11:24 列表主赛场管理成功.
INFO 2014-07-24 10:13:02 列表操作员管理成功.
INFO 2014-07-24 10:13:13 列表操作员管理成功.
INFO 2014-07-24 10:14:12 列表操作员管理成功.
INFO 2014-07-24 10:14:28 列表操作员管理成功.
INFO 2014-07-24 10:14:49 列表操作员管理成功.
INFO 2014-07-24 10:15:26 列表权限成功.
INFO 2014-07-24 10:15:37 会话已创建
INFO 2014-07-24 10:15:44 超级系统管理员用户,已经登录esk2系统.
INFO 2014-07-24 10:15:49 列表操作员管理成功.
INFO 2014-07-24 10:16:04 超级系统管理员用户,已经退出系统.
INFO 2014-07-24 10:19:05 查找操作员管理成功.
INFO 2014-07-24 10:19:28 查找操作员管理成功.
INFO 2014-07-24 10:22:19 查找操作员管理成功.
INFO 2014-07-24 10:22:25 增加操作员管理成功.
INFO 2014-07-24 10:22:30 列表操作员管理成功.
INFO 2014-07-24 10:23:23 列表权限成功.
INFO 2014-07-24 10:23:31 修改登录广告成功.
INFO 2014-07-24 10:23:34 修改保存登录广告[10]成功.
INFO 2014-07-24 10:23:34 修改登录广告成功.
INFO 2014-07-24 10:26:17 列表操作员管理成功.
INFO 2014-07-24 10:26:29 列表操作员管理成功.
INFO 2014-07-24 10:26:58 列表操作员管理成功.
INFO 2014-07-24 10:27:11 超级系统管理员用户,已经退出系统.
INFO 2014-07-24 10:27:19 会话已创建
INFO 2014-07-24 10:27:22 超级系统管理员用户,已经登录esk2系统.
INFO 2014-07-24 10:27:26 列表操作员管理成功.
INFO 2014-07-24 10:27:39 查找操作员管理成功.
INFO 2014-07-24 10:27:51 浏览操作员管理成功.
INFO 2014-07-24 10:27:55 列表操作员管理成功.
INFO 2014-07-24 10:28:32 列表操作员管理成功.
INFO 2014-07-24 10:28:36 查找操作员管理成功.
INFO 2014-07-24 10:30:00 查找操作员管理成功.
INFO 2014-07-24 10:30:28 浏览操作员管理成功.
INFO 2014-07-24 10:31:35 列表操作员管理成功.
INFO 2014-07-24 10:31:40 增加操作员管理成功.
INFO 2014-07-24 10:31:42 列表操作员管理成功.
INFO 2014-07-24 10:31:49 查找操作员管理成功.
INFO 2014-07-24 10:31:51 增加操作员管理成功.
INFO 2014-07-24 10:31:53 列表操作员管理成功.
INFO 2014-07-24 10:33:05 列表主赛场管理成功.
INFO 2014-07-24 10:33:08 浏览主赛场管理成功.
INFO 2014-07-24 10:33:10 修改主赛场管理成功.
INFO 2014-07-24 10:33:13 修改主赛场管理成功.
INFO 2014-07-24 10:33:20 浏览主赛场管理成功.
INFO 2014-07-24 10:33:22 列表主赛场管理成功.
INFO 2014-07-24 10:33:49 浏览主赛场管理成功.
INFO 2014-07-24 10:33:57 修改主赛场管理成功.
INFO 2014-07-24 10:36:28 列表操作员管理成功.
INFO 2014-07-24 10:36:30 查找操作员管理成功.
INFO 2014-07-24 10:43:33 浏览操作员管理成功.
INFO 2014-07-24 10:44:32 列表报表设计成功.
INFO 2014-07-24 10:44:37 增加报表设计成功.
INFO 2014-07-24 10:44:42 增加保存报表设计[5]成功.
INFO 2014-07-24 10:44:43 浏览报表设计成功.
INFO 2014-07-24 10:44:57 增加明细报表设计成功.
INFO 2014-07-24 10:44:59 操作报表设计[28]成功.
INFO 2014-07-24 10:44:59 增加明细报表设计成功.
INFO 2014-07-24 10:45:03 操作报表设计[29]成功.
INFO 2014-07-24 10:45:03 增加明细报表设计成功.
INFO 2014-07-24 10:45:06 操作报表设计[30]成功.
INFO 2014-07-24 10:45:06 增加明细报表设计成功.
INFO 2014-07-24 10:45:08 浏览报表设计成功.
INFO 2014-07-24 10:45:14 操作报表设计成功.
INFO 2014-07-24 10:46:09 列表主赛场管理成功.
INFO 2014-07-24 10:46:10 浏览主赛场管理成功.
INFO 2014-07-24 10:47:51 浏览报表设计成功.
INFO 2014-07-24 10:48:02 删除报表设计[5]成功.
INFO 2014-07-24 10:48:02 列表报表设计成功.
INFO 2014-07-24 10:50:43 列表操作员管理成功.
INFO 2014-07-24 10:50:44 查找操作员管理成功.
INFO 2014-07-24 10:50:56 列表操作员管理成功.
INFO 2014-07-24 10:50:58 查找操作员管理成功.
INFO 2014-07-24 10:51:04 增加操作员管理成功.
INFO 2014-07-24 10:51:06 列表操作员管理成功.
INFO 2014-07-24 10:51:08 浏览操作员管理成功.
INFO 2014-07-24 10:51:52 列表操作员管理成功.
INFO 2014-07-24 10:51:55 浏览操作员管理成功.
INFO 2014-07-24 10:52:04 列表操作员管理成功.
INFO 2014-07-24 10:52:06 浏览操作员管理成功.
INFO 2014-07-24 10:56:46 列表操作员管理成功.
INFO 2014-07-24 10:56:49 查找操作员管理成功.
INFO 2014-07-24 10:56:51 浏览操作员管理成功.
INFO 2014-07-24 10:56:59 列表操作员管理成功.
INFO 2014-07-24 10:57:01 浏览操作员管理成功.
INFO 2014-07-24 10:57:06 列表操作员管理成功.
INFO 2014-07-24 10:57:07 查找操作员管理成功.
INFO 2014-07-24 10:57:13 增加操作员管理成功.
INFO 2014-07-24 10:57:17 列表操作员管理成功.
INFO 2014-07-24 10:57:23 浏览操作员管理成功.
INFO 2014-07-24 10:57:25 列表操作员管理成功.
INFO 2014-07-24 10:57:34 浏览操作员管理成功.
INFO 2014-07-24 10:57:36 列表操作员管理成功.
INFO 2014-07-24 10:57:37 查找操作员管理成功.
INFO 2014-07-24 10:57:42 增加操作员管理成功.
INFO 2014-07-24 10:58:29 修改登录广告成功.
INFO 2014-07-24 10:58:33 列表试玩赛场管理成功.
INFO 2014-07-24 10:58:34 增加试玩赛场管理成功.
INFO 2014-07-24 10:58:45 列表试玩赛场管理成功.
INFO 2014-07-24 10:59:03 列表操作员管理成功.
INFO 2014-07-24 10:59:04 增加操作员管理成功.
INFO 2014-07-24 10:59:05 列表操作员管理成功.
INFO 2014-07-24 10:59:06 查找操作员管理成功.
INFO 2014-07-24 11:02:15 增加操作员管理成功.
INFO 2014-07-24 11:02:22 增加试玩赛场管理成功.
INFO 2014-07-24 11:02:54 列表试玩赛场管理成功.
INFO 2014-07-24 11:06:43 浏览试玩赛场管理成功.
INFO 2014-07-24 11:06:45 修改试玩赛场管理成功.
INFO 2014-07-24 11:06:54 浏览试玩赛场管理成功.
INFO 2014-07-24 11:07:03 列表试玩赛场管理成功.
INFO 2014-07-24 11:07:05 增加试玩赛场管理成功.
INFO 2014-07-24 11:07:06 列表试玩赛场管理成功.
INFO 2014-07-24 11:07:09 浏览试玩赛场管理成功.
INFO 2014-07-24 11:07:14 列表试玩赛场管理成功.
INFO 2014-07-24 11:09:58 浏览试玩赛场管理成功.
INFO 2014-07-24 11:09:59 列表试玩赛场管理成功.
INFO 2014-07-24 11:10:00 增加试玩赛场管理成功.
INFO 2014-07-24 11:10:07 列表试玩赛场管理成功.
INFO 2014-07-24 11:10:13 查找试玩赛场管理成功.
INFO 2014-07-24 11:10:19 浏览试玩赛场管理成功.
INFO 2014-07-24 11:10:26 列表试玩赛场管理成功.
INFO 2014-07-24 11:18:39 浏览试玩赛场管理成功.
INFO 2014-07-24 11:18:41 列表试玩赛场管理成功.
INFO 2014-07-24 11:18:42 增加试玩赛场管理成功.
INFO 2014-07-24 11:22:15 列表试玩赛场管理成功.
INFO 2014-07-24 11:22:17 增加试玩赛场管理成功.
INFO 2014-07-24 11:23:11 列表试玩赛场管理成功.
INFO 2014-07-24 11:23:14 浏览试玩赛场管理成功.
INFO 2014-07-24 11:23:18 修改试玩赛场管理成功.
INFO 2014-07-24 11:23:24 浏览试玩赛场管理成功.
INFO 2014-07-24 11:24:30 列表报表设计成功.
INFO 2014-07-24 11:24:32 增加报表设计成功.
INFO 2014-07-24 11:24:35 列表报表设计成功.
INFO 2014-07-24 11:24:37 增加报表设计成功.
INFO 2014-07-24 11:24:38 列表报表设计成功.
INFO 2014-07-24 11:56:32 列表试玩赛场管理成功.
INFO 2014-07-24 11:56:33 增加试玩赛场管理成功.
INFO 2014-07-24 11:56:37 列表试玩赛场管理成功.
INFO 2014-07-24 11:56:38 查找试玩赛场管理成功.
INFO 2014-07-24 11:56:41 浏览试玩赛场管理成功.
INFO 2014-07-24 11:56:43 列表试玩赛场管理成功.
INFO 2014-07-24 12:03:42 修改登录广告成功.
INFO 2014-07-24 12:03:44 修改保存登录广告[10]成功.
INFO 2014-07-24 12:03:44 修改登录广告成功.
INFO 2014-07-24 12:03:49 列表试玩赛场管理成功.
INFO 2014-07-24 12:03:51 增加试玩赛场管理成功.
INFO 2014-07-24 12:04:00 列表试玩赛场管理成功.
INFO 2014-07-24 12:04:02 浏览试玩赛场管理成功.
INFO 2014-07-24 12:04:04 列表试玩赛场管理成功.
INFO 2014-07-24 12:04:06 浏览试玩赛场管理成功.
INFO 2014-07-24 12:04:07 列表试玩赛场管理成功.
INFO 2014-07-24 12:04:13 增加试玩赛场管理成功.
INFO 2014-07-24 12:04:14 列表试玩赛场管理成功.
INFO 2014-07-24 12:04:15 查找试玩赛场管理成功.
INFO 2014-07-24 12:04:19 浏览试玩赛场管理成功.
INFO 2014-07-24 12:04:27 列表试玩赛场管理成功.
INFO 2014-07-24 12:05:23 浏览试玩赛场管理成功.
INFO 2014-07-24 12:05:25 列表试玩赛场管理成功.
INFO 2014-07-24 12:05:25 增加试玩赛场管理成功.
INFO 2014-07-24 12:05:35 列表试玩赛场管理成功.
INFO 2014-07-24 12:05:36 列表主赛场管理成功.
INFO 2014-07-24 12:05:37 增加主赛场管理成功.
INFO 2014-07-24 12:05:39 列表主赛场管理成功.
INFO 2014-07-24 12:06:47 浏览主赛场管理成功.
INFO 2014-07-24 12:06:49 列表主赛场管理成功.
INFO 2014-07-24 12:06:50 增加主赛场管理成功.
INFO 2014-07-24 12:06:53 列表主赛场管理成功.
INFO 2014-07-24 12:37:49 超级系统管理员已经退出系统.
INFO 2014-07-24 13:20:50 会话已创建
INFO 2014-07-24 13:21:01 超级系统管理员用户,已经登录esk2系统.
INFO 2014-07-24 13:21:50 列表主赛场管理成功.
INFO 2014-07-24 13:21:52 浏览主赛场管理成功.
INFO 2014-07-24 13:21:59 列表主赛场管理成功.
INFO 2014-07-24 13:22:56 列表试玩赛场管理成功.
INFO 2014-07-24 13:22:58 浏览试玩赛场管理成功.
INFO 2014-07-24 13:23:00 列表试玩赛场管理成功.
INFO 2014-07-24 13:23:02 浏览试玩赛场管理成功.
INFO 2014-07-24 13:23:11 列表试玩赛场管理成功.
INFO 2014-07-24 13:23:13 列表分赛场管理成功.
INFO 2014-07-24 13:23:15 浏览分赛场管理成功.
INFO 2014-07-24 13:23:19 列表分赛场管理成功.
INFO 2014-07-24 13:23:22 增加分赛场管理成功.
INFO 2014-07-24 13:23:32 列表分赛场管理成功.
INFO 2014-07-24 13:23:33 增加分赛场管理成功.
INFO 2014-07-24 13:23:39 列表分赛场管理成功.
INFO 2014-07-24 13:23:40 增加分赛场管理成功.
INFO 2014-07-24 13:23:54 列表分赛场管理成功.
INFO 2014-07-24 13:23:58 浏览分赛场管理成功.
INFO 2014-07-24 13:23:59 修改分赛场管理成功.
INFO 2014-07-24 13:24:03 浏览分赛场管理成功.
INFO 2014-07-24 13:24:05 列表分赛场管理成功.
INFO 2014-07-24 13:24:12 增加分赛场管理成功.
INFO 2014-07-24 13:24:33 列表报表设计成功.
INFO 2014-07-24 13:24:40 列表报表设计成功.
INFO 2014-07-24 13:25:13 列表报表设计成功.
INFO 2014-07-24 13:25:25 列表数据词典成功.
INFO 2014-07-24 13:25:26 列表菜单管理成功.
INFO 2014-07-24 13:25:31 增加菜单管理成功.
INFO 2014-07-24 13:25:50 增加保存菜单管理[33]成功.
INFO 2014-07-24 13:25:50 浏览菜单管理成功.
INFO 2014-07-24 13:25:52 列表菜单管理成功.
INFO 2014-07-24 13:25:54 调整保存菜单管理成功.
INFO 2014-07-24 13:26:05 调整保存菜单管理成功.
INFO 2014-07-24 13:26:05 调整保存菜单管理成功.
INFO 2014-07-24 13:26:08 列表菜单管理成功.
INFO 2014-07-24 13:26:15 列表报表插件成功.
INFO 2014-07-24 13:26:22 列表报表设计成功.
INFO 2014-07-24 13:26:23 列表报表设计成功.
INFO 2014-07-24 13:26:24 列表报表设计成功.
INFO 2014-07-24 13:26:26 增加报表设计成功.
INFO 2014-07-24 13:27:19 增加保存报表设计[6]成功.
INFO 2014-07-24 13:27:20 浏览报表设计成功.
INFO 2014-07-24 13:27:31 列表报表设计成功.
INFO 2014-07-24 13:27:37 列表菜单管理成功.
INFO 2014-07-24 13:27:39 浏览菜单管理成功.
INFO 2014-07-24 13:27:41 修改菜单管理成功.
INFO 2014-07-24 13:27:59 修改保存菜单管理[33]成功.
INFO 2014-07-24 13:27:59 浏览菜单管理成功.
INFO 2014-07-24 13:28:01 列表菜单管理成功.
INFO 2014-07-24 13:28:04 列表菜单管理成功.
INFO 2014-07-24 13:28:18 列表报表设计成功.
INFO 2014-07-24 13:28:19 列表报表设计成功.
INFO 2014-07-24 13:28:22 浏览报表设计成功.
INFO 2014-07-24 13:28:25 操作报表设计成功.
INFO 2014-07-24 13:28:25 浏览报表设计成功.
INFO 2014-07-24 13:28:28 超级系统管理员用户,已经退出系统.
INFO 2014-07-24 13:28:32 超级系统管理员用户,已经登录esk2系统.
INFO 2014-07-24 13:55:41 超级系统管理员用户,已经登录esk2系统.
INFO 2014-07-24 13:55:41 超级系统管理员用户,已经登录esk2系统.
INFO 2014-07-24 13:55:44 列表报表设计成功.
INFO 2014-07-24 13:55:46 列表报表设计成功.
INFO 2014-07-24 13:55:48 列表报表设计成功.
INFO 2014-07-24 13:55:49 列表报表设计成功.
INFO 2014-07-24 13:55:50 浏览报表设计成功.
INFO 2014-07-24 13:55:54 增加成功.
INFO 2014-07-24 13:56:59 增加保存[15]成功.
INFO 2014-07-24 13:56:59 浏览成功.
INFO 2014-07-24 13:57:02 浏览报表设计成功.
INFO 2014-07-24 13:57:31 列表报表控件成功.
INFO 2014-07-24 13:57:33 浏览报表控件成功.
INFO 2014-07-24 13:57:35 浏览明细报表控件成功.
INFO 2014-07-24 13:57:38 修改明细报表控件成功.
INFO 2014-07-24 13:59:22 操作报表控件[1]成功.
INFO 2014-07-24 13:59:22 浏览明细报表控件成功.
INFO 2014-07-24 13:59:24 浏览报表控件成功.
INFO 2014-07-24 13:59:30 增加成功.
INFO 2014-07-24 13:59:33 操作报表控件成功.
INFO 2014-07-24 13:59:46 增加保存[16]成功.
INFO 2014-07-24 13:59:47 浏览成功.
INFO 2014-07-24 13:59:49 浏览报表设计成功.
INFO 2014-07-24 13:59:51 浏览成功.
INFO 2014-07-24 13:59:52 修改成功.
INFO 2014-07-24 13:59:56 修改保存[15]成功.
INFO 2014-07-24 13:59:56 浏览成功.
INFO 2014-07-24 13:59:58 浏览报表设计成功.
INFO 2014-07-24 14:00:02 操作报表设计成功.
INFO 2014-07-24 14:00:02 浏览报表设计成功.
INFO 2014-07-24 14:01:13 增加成功.
INFO 2014-07-24 14:01:55 增加保存[17]成功.
INFO 2014-07-24 14:01:55 浏览成功.
INFO 2014-07-24 14:02:00 浏览报表设计成功.
INFO 2014-07-24 14:02:02 浏览成功.
INFO 2014-07-24 14:02:07 浏览报表设计成功.
INFO 2014-07-24 14:02:08 浏览成功.
INFO 2014-07-24 14:02:10 修改成功.
INFO 2014-07-24 14:02:29 修改保存[17]成功.
INFO 2014-07-24 14:02:29 浏览成功.
INFO 2014-07-24 14:02:31 浏览报表设计成功.
INFO 2014-07-24 14:02:33 浏览成功.
INFO 2014-07-24 14:02:40 浏览报表设计成功.
INFO 2014-07-24 14:02:41 浏览成功.
INFO 2014-07-24 14:02:43 修改成功.
INFO 2014-07-24 14:02:50 修改保存[17]成功.
INFO 2014-07-24 14:02:50 浏览成功.
INFO 2014-07-24 14:02:51 浏览报表设计成功.
INFO 2014-07-24 14:04:25 浏览成功.
INFO 2014-07-24 14:04:27 浏览报表设计成功.
INFO 2014-07-24 14:04:29 操作报表设计成功.
INFO 2014-07-24 14:04:30 浏览报表设计成功.
INFO 2014-07-24 14:04:57 浏览成功.
INFO 2014-07-24 14:05:00 修改成功.
INFO 2014-07-24 14:05:05 修改保存[15]成功.
INFO 2014-07-24 14:05:05 浏览成功.
INFO 2014-07-24 14:05:07 浏览报表设计成功.
INFO 2014-07-24 14:05:09 浏览成功.
INFO 2014-07-24 14:05:10 修改成功.
INFO 2014-07-24 14:05:20 修改保存[17]成功.
INFO 2014-07-24 14:05:21 浏览成功.
INFO 2014-07-24 14:05:23 浏览报表设计成功.
INFO 2014-07-24 14:05:24 浏览成功.
INFO 2014-07-24 14:05:30 浏览报表设计成功.
INFO 2014-07-24 14:05:32 浏览成功.
INFO 2014-07-24 14:05:33 修改成功.
INFO 2014-07-24 14:05:36 修改保存[17]成功.
INFO 2014-07-24 14:05:36 浏览成功.
INFO 2014-07-24 14:05:38 浏览报表设计成功.
INFO 2014-07-24 14:05:40 操作报表设计成功.
INFO 2014-07-24 14:05:40 浏览报表设计成功.
INFO 2014-07-24 14:05:44 浏览成功.
INFO 2014-07-24 14:05:45 修改成功.
INFO 2014-07-24 14:05:57 修改保存[17]成功.
INFO 2014-07-24 14:05:57 浏览成功.
INFO 2014-07-24 14:06:00 浏览报表设计成功.
INFO 2014-07-24 14:06:11 操作报表设计成功.
INFO 2014-07-24 14:06:11 浏览报表设计成功.
INFO 2014-07-24 14:06:24 浏览成功.
INFO 2014-07-24 14:06:25 修改成功.
INFO 2014-07-24 14:06:29 修改保存[17]成功.
INFO 2014-07-24 14:06:29 浏览成功.
INFO 2014-07-24 14:06:31 浏览报表设计成功.
INFO 2014-07-24 14:06:32 操作报表设计成功.
INFO 2014-07-24 14:06:32 浏览报表设计成功.
INFO 2014-07-24 14:08:06 浏览成功.
INFO 2014-07-24 14:08:07 修改成功.
INFO 2014-07-24 14:08:12 修改保存[16]成功.
INFO 2014-07-24 14:08:12 浏览成功.
INFO 2014-07-24 14:08:14 浏览报表设计成功.
INFO 2014-07-24 14:08:25 浏览明细报表控件成功.
INFO 2014-07-24 14:08:27 修改明细报表控件成功.
INFO 2014-07-24 14:08:33 操作报表控件[1]成功.
INFO 2014-07-24 14:08:33 浏览明细报表控件成功.
INFO 2014-07-24 14:08:34 浏览报表控件成功.
INFO 2014-07-24 14:08:37 操作报表设计成功.
INFO 2014-07-24 14:08:37 浏览报表设计成功.
INFO 2014-07-24 14:08:55 浏览明细报表控件成功.
INFO 2014-07-24 14:08:58 修改明细报表控件成功.
INFO 2014-07-24 14:10:46 操作报表控件[1]成功.
INFO 2014-07-24 14:10:46 浏览明细报表控件成功.
INFO 2014-07-24 14:11:25 修改明细报表控件成功.
INFO 2014-07-24 14:12:07 操作报表控件[1]成功.
INFO 2014-07-24 14:12:07 浏览明细报表控件成功.
INFO 2014-07-24 14:12:09 浏览报表控件成功.
INFO 2014-07-24 14:12:13 浏览成功.
INFO 2014-07-24 14:12:14 修改成功.
INFO 2014-07-24 14:12:16 操作报表控件成功.
INFO 2014-07-24 14:12:18 修改保存[16]成功.
INFO 2014-07-24 14:12:18 浏览成功.
INFO 2014-07-24 14:12:20 浏览报表设计成功.
INFO 2014-07-24 14:12:21 操作报表设计成功.
INFO 2014-07-24 14:12:21 浏览报表设计成功.
INFO 2014-07-24 14:18:59 增加明细报表设计成功.
INFO 2014-07-24 14:19:59 操作报表设计[31]成功.
INFO 2014-07-24 14:19:59 增加明细报表设计成功.
INFO 2014-07-24 14:20:22 操作报表设计[32]成功.
INFO 2014-07-24 14:20:22 增加明细报表设计成功.
INFO 2014-07-24 14:20:45 操作报表设计[33]成功.
INFO 2014-07-24 14:20:46 增加明细报表设计成功.
INFO 2014-07-24 14:21:25 操作报表设计[34]成功.
INFO 2014-07-24 14:21:26 增加明细报表设计成功.
INFO 2014-07-24 14:21:47 操作报表设计[35]成功.
INFO 2014-07-24 14:21:47 浏览明细报表设计成功.
INFO 2014-07-24 14:21:50 浏览报表设计成功.
INFO 2014-07-24 14:22:16 增加成功.
INFO 2014-07-24 14:22:49 增加保存[5]成功.
INFO 2014-07-24 14:22:49 浏览成功.
INFO 2014-07-24 14:23:03 修改成功.
INFO 2014-07-24 14:23:31 修改保存[5]成功.
INFO 2014-07-24 14:23:31 浏览成功.
INFO 2014-07-24 14:23:33 浏览报表设计成功.
INFO 2014-07-24 14:23:37 操作报表设计成功.
INFO 2014-07-24 14:23:37 浏览报表设计成功.
INFO 2014-07-24 14:23:41 浏览成功.
INFO 2014-07-24 14:23:45 修改成功.
INFO 2014-07-24 14:26:31 修改保存[5]成功.
INFO 2014-07-24 14:26:31 浏览成功.
INFO 2014-07-24 14:26:33 浏览报表设计成功.
INFO 2014-07-24 14:26:36 操作报表设计成功.
INFO 2014-07-24 14:26:36 浏览报表设计成功.
INFO 2014-07-24 14:26:47 报表生成时间:449
INFO 2014-07-24 14:27:18 浏览成功.
INFO 2014-07-24 14:27:21 浏览报表设计成功.
INFO 2014-07-24 14:27:24 浏览成功.
INFO 2014-07-24 14:27:25 修改成功.
INFO 2014-07-24 14:27:32 修改保存[5]成功.
INFO 2014-07-24 14:27:32 浏览成功.
INFO 2014-07-24 14:27:34 浏览报表设计成功.
INFO 2014-07-24 14:27:35 操作报表设计成功.
INFO 2014-07-24 14:27:35 浏览报表设计成功.
INFO 2014-07-24 14:27:39 报表生成时间:46
INFO 2014-07-24 14:27:48 报表生成时间:25
INFO 2014-07-24 14:28:35 浏览成功.
INFO 2014-07-24 14:28:36 修改成功.
INFO 2014-07-24 14:28:43 修改保存[15]成功.
INFO 2014-07-24 14:28:43 浏览成功.
INFO 2014-07-24 14:28:46 浏览报表设计成功.
INFO 2014-07-24 14:28:47 操作报表设计成功.
INFO 2014-07-24 14:28:48 浏览报表设计成功.
INFO 2014-07-24 14:28:55 sql执行时间:34
INFO 2014-07-24 14:28:55 报表生成时间:74
INFO 2014-07-24 14:42:47 列表报表设计成功.
INFO 2014-07-24 14:42:49 浏览报表设计成功.
INFO 2014-07-24 14:42:51 操作报表设计成功.
INFO 2014-07-24 14:42:51 浏览报表设计成功.
INFO 2014-07-24 14:46:30 列表报表设计成功.
INFO 2014-07-24 14:56:05 sql执行时间:8
INFO 2014-07-24 14:56:05 报表生成时间:27
INFO 2014-07-24 14:56:41 超级系统管理员用户,已经登录esk2系统.
INFO 2014-07-24 14:56:47 sql执行时间:54
INFO 2014-07-24 14:56:48 报表生成时间:300
INFO 2014-07-24 15:04:41 列表报表设计成功.
INFO 2014-07-24 15:04:43 列表报表设计成功.
INFO 2014-07-24 15:04:45 浏览报表设计成功.
INFO 2014-07-24 15:05:01 浏览成功.
INFO 2014-07-24 15:05:03 浏览报表设计成功.
INFO 2014-07-24 15:05:08 浏览成功.
INFO 2014-07-24 15:05:09 修改成功.
INFO 2014-07-24 15:06:06 修改保存[15]成功.
INFO 2014-07-24 15:06:06 浏览成功.
INFO 2014-07-24 15:06:08 浏览报表设计成功.
INFO 2014-07-24 15:06:10 操作报表设计成功.
INFO 2014-07-24 15:06:10 浏览报表设计成功.
INFO 2014-07-24 15:06:13 sql执行时间:8
INFO 2014-07-24 15:06:13 报表生成时间:34
INFO 2014-07-24 15:06:53 浏览成功.
INFO 2014-07-24 15:06:54 修改成功.
INFO 2014-07-24 15:07:29 修改保存[5]成功.
INFO 2014-07-24 15:07:29 浏览成功.
INFO 2014-07-24 15:07:31 浏览报表设计成功.
INFO 2014-07-24 15:07:32 操作报表设计成功.
INFO 2014-07-24 15:07:33 浏览报表设计成功.
INFO 2014-07-24 15:08:09 浏览成功.
INFO 2014-07-24 15:08:53 修改成功.
INFO 2014-07-24 15:08:56 修改保存[5]成功.
INFO 2014-07-24 15:08:56 浏览成功.
INFO 2014-07-24 15:08:58 浏览报表设计成功.
INFO 2014-07-24 15:09:56 浏览成功.
INFO 2014-07-24 15:09:57 修改成功.
INFO 2014-07-24 15:10:00 修改保存[5]成功.
INFO 2014-07-24 15:10:00 浏览成功.
INFO 2014-07-24 15:10:02 浏览报表设计成功.
INFO 2014-07-24 15:10:03 操作报表设计成功.
INFO 2014-07-24 15:10:03 浏览报表设计成功.
INFO 2014-07-24 15:24:08 操作报表设计成功.
INFO 2014-07-24 15:24:08 浏览报表设计成功.
INFO 2014-07-24 15:24:12 sql执行时间:17
INFO 2014-07-24 15:24:12 报表生成时间:55
INFO 2014-07-24 15:24:38 列表报表控件成功.
INFO 2014-07-24 15:24:40 浏览报表控件成功.
INFO 2014-07-24 15:24:41 浏览明细报表控件成功.
INFO 2014-07-24 15:24:46 修改明细报表控件成功.
INFO 2014-07-24 15:30:09 列表主赛场管理成功.
INFO 2014-07-24 15:34:37 超级系统管理员用户,已经登录esk2系统.
INFO 2014-07-24 15:34:53 列表报表控件成功.
INFO 2014-07-24 15:34:55 浏览报表控件成功.
INFO 2014-07-24 15:34:57 浏览明细报表控件成功.
INFO 2014-07-24 15:34:59 修改明细报表控件成功.
INFO 2014-07-24 15:35:02 操作报表控件[1]成功.
INFO 2014-07-24 15:35:02 浏览明细报表控件成功.
INFO 2014-07-24 15:35:04 浏览报表控件成功.
INFO 2014-07-24 15:35:14 列表报表设计成功.
INFO 2014-07-24 15:35:16 列表报表设计成功.
INFO 2014-07-24 15:35:17 浏览报表设计成功.
INFO 2014-07-24 15:35:20 浏览成功.
INFO 2014-07-24 15:35:21 修改成功.
INFO 2014-07-24 15:35:24 修改保存[16]成功.
INFO 2014-07-24 15:35:24 浏览成功.
INFO 2014-07-24 15:35:26 浏览报表设计成功.
INFO 2014-07-24 15:35:28 操作报表设计成功.
INFO 2014-07-24 15:35:28 浏览报表设计成功.
INFO 2014-07-24 15:35:45 列表报表设计成功.
INFO 2014-07-24 15:35:46 列表报表设计成功.
INFO 2014-07-24 15:35:47 浏览报表设计成功.
INFO 2014-07-24 15:35:54 列表报表控件成功.
INFO 2014-07-24 15:35:55 浏览报表控件成功.
INFO 2014-07-24 15:35:56 浏览明细报表控件成功.
INFO 2014-07-24 15:36:00 修改明细报表控件成功.
INFO 2014-07-24 15:36:27 操作报表控件[1]成功.
INFO 2014-07-24 15:36:27 浏览明细报表控件成功.
INFO 2014-07-24 15:36:28 浏览报表控件成功.
INFO 2014-07-24 15:36:31 浏览明细报表控件成功.
INFO 2014-07-24 15:36:39 浏览报表控件成功.
INFO 2014-07-24 15:36:44 浏览成功.
INFO 2014-07-24 15:36:46 修改成功.
INFO 2014-07-24 15:36:48 操作报表控件成功.
INFO 2014-07-24 15:36:49 修改保存[16]成功.
INFO 2014-07-24 15:36:49 浏览成功.
INFO 2014-07-24 15:36:51 浏览报表设计成功.
INFO 2014-07-24 15:36:52 操作报表设计成功.
INFO 2014-07-24 15:36:52 浏览报表设计成功.
INFO 2014-07-24 15:37:04 sql执行时间:339
INFO 2014-07-24 15:37:04 报表生成时间:421
INFO 2014-07-24 16:07:27 超级系统管理员已经退出系统.
INFO 2014-07-24 16:13:23 会话已创建
INFO 2014-07-24 16:13:29 超级系统管理员用户,已经登录esk2系统.
INFO 2014-07-24 16:13:34 列表报表设计成功.
INFO 2014-07-24 16:13:37 列表报表设计成功.
INFO 2014-07-24 16:13:39 浏览报表设计成功.
INFO 2014-07-24 16:13:45 增加明细报表设计成功.
INFO 2014-07-24 16:14:02 操作报表设计[36]成功.
INFO 2014-07-24 16:14:02 浏览明细报表设计成功.
INFO 2014-07-24 16:14:04 浏览报表设计成功.
INFO 2014-07-24 16:14:07 浏览成功.
INFO 2014-07-24 16:14:08 修改成功.
INFO 2014-07-24 16:14:48 修改保存[5]成功.
INFO 2014-07-24 16:14:48 浏览成功.
INFO 2014-07-24 16:14:51 浏览报表设计成功.
INFO 2014-07-24 16:14:52 操作报表设计成功.
INFO 2014-07-24 16:14:52 浏览报表设计成功.
INFO 2014-07-24 16:14:55 sql执行时间:24
INFO 2014-07-24 16:14:55 报表生成时间:115
INFO 2014-07-24 16:15:12 sql执行时间:12
INFO 2014-07-24 16:15:12 报表生成时间:29
INFO 2014-07-24 16:15:36 浏览成功.
INFO 2014-07-24 16:25:31 浏览报表设计成功.
INFO 2014-07-24 16:26:35 浏览明细报表设计成功.
INFO 2014-07-24 16:26:37 修改明细报表设计成功.
INFO 2014-07-24 16:27:16 浏览报表设计成功.
INFO 2014-07-24 16:32:46 sql执行时间:6
INFO 2014-07-24 16:32:46 报表生成时间:18
INFO 2014-07-24 16:33:44 sql执行时间:10
INFO 2014-07-24 16:33:44 报表生成时间:45
INFO 2014-07-24 16:35:19 sql执行时间:15
INFO 2014-07-24 16:35:37 报表生成时间:18191
INFO 2014-07-24 16:35:43 sql执行时间:6
INFO 2014-07-24 16:36:10 报表生成时间:27049
INFO 2014-07-24 16:36:14 sql执行时间:11
INFO 2014-07-24 16:40:40 报表生成时间:266096
INFO 2014-07-24 16:41:06 sql执行时间:7
INFO 2014-07-24 16:44:32 报表生成时间:207156
INFO 2014-07-24 16:44:45 sql执行时间:11
INFO 2014-07-24 16:47:26 报表生成时间:161528
INFO 2014-07-24 16:47:41 浏览明细报表设计成功.
INFO 2014-07-24 16:47:42 修改明细报表设计成功.
INFO 2014-07-24 16:51:17 操作报表设计[35]成功.
INFO 2014-07-24 16:51:17 浏览明细报表设计成功.
INFO 2014-07-24 16:51:19 浏览报表设计成功.
INFO 2014-07-24 16:51:20 操作报表设计成功.
INFO 2014-07-24 16:51:20 浏览报表设计成功.
INFO 2014-07-24 16:51:24 sql执行时间:21
INFO 2014-07-24 16:51:24 报表生成时间:110
INFO 2014-07-24 16:51:29 浏览明细报表设计成功.
INFO 2014-07-24 16:51:30 修改明细报表设计成功.
INFO 2014-07-24 16:51:45 操作报表设计[35]成功.
INFO 2014-07-24 16:51:45 浏览明细报表设计成功.
INFO 2014-07-24 16:51:47 浏览报表设计成功.
INFO 2014-07-24 16:58:51 sql执行时间:6
INFO 2014-07-24 17:02:17 报表生成时间:205699
INFO 2014-07-24 17:02:28 sql执行时间:18
INFO 2014-07-24 17:05:01 报表生成时间:152901
INFO 2014-07-24 17:10:24 sql执行时间:14
INFO 2014-07-24 17:13:22 报表生成时间:494202
INFO 2014-07-24 17:13:32 操作报表设计成功.
INFO 2014-07-24 17:13:32 浏览报表设计成功.
INFO 2014-07-24 17:13:46 sql执行时间:9
INFO 2014-07-24 17:17:12 报表生成时间:210126
INFO 2014-07-24 17:17:36 sql执行时间:47
INFO 2014-07-24 17:23:32 报表生成时间:361865
INFO 2014-07-24 17:23:43 sql执行时间:4
INFO 2014-07-24 17:25:52 报表生成时间:133994
INFO 2014-07-24 17:25:56 sql执行时间:13
INFO 2014-07-24 17:32:59 报表生成时间:423245
INFO 2014-07-24 17:33:12 sql执行时间:8
INFO 2014-07-24 17:33:12 报表生成时间:34
INFO 2014-07-24 17:33:27 操作报表设计成功.
INFO 2014-07-24 17:33:27 浏览报表设计成功.
INFO 2014-07-24 17:33:30 sql执行时间:16
INFO 2014-07-24 17:33:30 报表生成时间:30
INFO 2014-07-24 17:36:22 sql执行时间:13
INFO 2014-07-24 17:36:22 报表生成时间:37
INFO 2014-07-24 17:36:30 sql执行时间:17
INFO 2014-07-24 17:36:30 报表生成时间:49
INFO 2014-07-24 17:36:50 sql执行时间:16
INFO 2014-07-24 17:36:50 报表生成时间:41
INFO 2014-07-24 17:38:45 操作报表设计成功.
INFO 2014-07-24 17:38:45 浏览报表设计成功.
INFO 2014-07-24 17:38:53 sql执行时间:15
INFO 2014-07-24 17:38:53 报表生成时间:29
INFO 2014-07-24 17:39:20 修改报表设计成功.
INFO 2014-07-24 17:39:28 修改保存报表设计[6]成功.
INFO 2014-07-24 17:39:28 浏览报表设计成功.
INFO 2014-07-24 17:39:45 列表报表设计成功.
INFO 2014-07-24 17:39:48 增加报表设计成功.
INFO 2014-07-24 17:40:21 增加保存报表设计[7]成功.
INFO 2014-07-24 17:40:21 浏览报表设计成功.
INFO 2014-07-24 17:40:44  delete from Trpreportdatasource where trpreportid=7
INFO 2014-07-24 17:40:45  delete from Trpreportcondition where trpreportid=7
INFO 2014-07-24 17:40:45  delete from Trpreportplugin where trpreportid=7
INFO 2014-07-24 17:40:45  delete from Trpreportdtl where trpreportid=7 and reportarea=0
INFO 2014-07-24 17:40:45  delete from Trpreportdtl where trpreportid=7 and reportarea=1
INFO 2014-07-24 17:40:46  delete from trpreportdtl where trpreportid=7 and reportarea=2
INFO 2014-07-24 17:40:46 操作报表设计成功.
INFO 2014-07-24 17:40:48 浏览报表设计成功.
INFO 2014-07-24 17:40:49 列表报表设计成功.
INFO 2014-07-24 17:40:53 浏览报表设计成功.
INFO 2014-07-24 17:40:58 浏览成功.
INFO 2014-07-24 17:41:07 删除[17]成功.
INFO 2014-07-24 17:41:09 浏览报表设计成功.
INFO 2014-07-24 17:41:11 浏览成功.
INFO 2014-07-24 17:41:12 修改成功.
INFO 2014-07-24 17:41:40 修改保存[5]成功.
INFO 2014-07-24 17:41:40 浏览成功.
INFO 2014-07-24 17:41:49 浏览报表设计成功.
INFO 2014-07-24 17:41:50 操作报表设计成功.
INFO 2014-07-24 17:41:50 浏览报表设计成功.
INFO 2014-07-24 17:42:02 sql执行时间:11
INFO 2014-07-24 17:42:02 报表生成时间:42
INFO 2014-07-24 17:42:21 sql执行时间:21
INFO 2014-07-24 17:42:21 报表生成时间:53
INFO 2014-07-24 17:42:30 sql执行时间:6
INFO 2014-07-24 17:42:30 报表生成时间:35
INFO 2014-07-24 17:42:53 列表报表设计成功.
INFO 2014-07-24 17:42:55 浏览报表设计成功.
INFO 2014-07-24 17:42:58 浏览成功.
INFO 2014-07-24 17:43:08 删除[19]成功.
INFO 2014-07-24 17:43:10 浏览报表设计成功.
INFO 2014-07-24 17:43:14 浏览成功.
INFO 2014-07-24 17:43:15 修改成功.
INFO 2014-07-24 17:43:23 修改保存[6]成功.
INFO 2014-07-24 17:43:23 浏览成功.
INFO 2014-07-24 17:43:25 浏览报表设计成功.
INFO 2014-07-24 17:43:31 操作报表设计成功.
INFO 2014-07-24 17:43:31 浏览报表设计成功.
INFO 2014-07-24 17:43:34 操作报表设计成功.
INFO 2014-07-24 17:43:34 浏览报表设计成功.
INFO 2014-07-24 17:43:38 超级系统管理员用户,已经退出系统.
INFO 2014-07-24 17:43:44 超级系统管理员用户,已经登录esk2系统.
INFO 2014-07-24 17:46:20 列表报表设计成功.
INFO 2014-07-24 17:46:22 列表报表设计成功.
INFO 2014-07-24 17:46:23 列表报表设计成功.
INFO 2014-07-24 17:46:25 浏览报表设计成功.
INFO 2014-07-24 17:46:32 列表报表设计成功.
INFO 2014-07-24 17:46:37 浏览报表设计成功.
INFO 2014-07-24 17:46:39 操作报表设计成功.
INFO 2014-07-24 17:46:40 浏览报表设计成功.
INFO 2014-07-24 17:46:42 超级系统管理员用户,已经退出系统.
INFO 2014-07-24 17:46:46 超级系统管理员用户,已经登录esk2系统.
INFO 2014-07-24 18:02:25 列表报表设计成功.
INFO 2014-07-24 18:02:26 列表报表设计成功.
INFO 2014-07-24 18:02:28 浏览报表设计成功.
INFO 2014-07-24 18:02:31 浏览成功.
INFO 2014-07-24 18:02:32 修改成功.
INFO 2014-07-24 18:02:35 操作报表控件成功.
INFO 2014-07-24 18:02:38 修改保存[18]成功.
INFO 2014-07-24 18:02:38 浏览成功.
INFO 2014-07-24 18:02:42 浏览报表设计成功.
INFO 2014-07-24 18:02:44 浏览成功.
INFO 2014-07-24 18:02:45 修改成功.
INFO 2014-07-24 18:02:55 修改保存[6]成功.
INFO 2014-07-24 18:02:55 浏览成功.
INFO 2014-07-24 18:02:57 浏览报表设计成功.
INFO 2014-07-24 18:02:59 操作报表设计成功.
INFO 2014-07-24 18:02:59 浏览报表设计成功.
INFO 2014-07-24 18:03:07 sql执行时间:12
INFO 2014-07-24 18:03:07 报表生成时间:27
INFO 2014-07-24 18:15:19 浏览成功.
INFO 2014-07-24 18:15:20 修改成功.
INFO 2014-07-24 18:15:36 修改保存[6]成功.
INFO 2014-07-24 18:15:36 浏览成功.
INFO 2014-07-24 18:15:39 浏览报表设计成功.
INFO 2014-07-24 18:15:40 操作报表设计成功.
INFO 2014-07-24 18:15:41 浏览报表设计成功.
INFO 2014-07-24 18:15:51 sql执行时间:4
INFO 2014-07-24 18:15:51 报表生成时间:13
INFO 2014-07-24 18:16:13 sql执行时间:5
INFO 2014-07-24 18:16:13 报表生成时间:76
INFO 2014-07-24 18:16:27 sql执行时间:5
INFO 2014-07-24 18:16:27 报表生成时间:14
INFO 2014-07-24 18:26:18 浏览成功.
INFO 2014-07-24 18:26:19 修改成功.
INFO 2014-07-24 18:26:24 修改保存[6]成功.
INFO 2014-07-24 18:26:24 浏览成功.
INFO 2014-07-24 18:26:26 浏览报表设计成功.
INFO 2014-07-24 18:26:27 操作报表设计成功.
INFO 2014-07-24 18:26:27 浏览报表设计成功.
INFO 2014-07-24 18:26:42 sql执行时间:4
INFO 2014-07-24 18:26:42 报表生成时间:18
INFO 2014-07-24 18:26:50 sql执行时间:3
INFO 2014-07-24 18:26:50 报表生成时间:20
INFO 2014-07-24 18:27:11 sql执行时间:18
INFO 2014-07-24 18:27:11 报表生成时间:36
INFO 2014-07-24 18:27:18 sql执行时间:6
INFO 2014-07-24 18:27:18 报表生成时间:18
INFO 2014-07-24 18:27:57 sql执行时间:30
INFO 2014-07-24 18:27:57 报表生成时间:47
INFO 2014-07-24 18:29:29 sql执行时间:9
INFO 2014-07-24 18:29:29 报表生成时间:28
INFO 2014-07-24 18:43:58 超级系统管理员用户,已经退出系统.
INFO 2014-07-25 09:20:38 会话已创建
INFO 2014-07-25 09:20:46 超级系统管理员用户,已经登录esk2系统.
INFO 2014-07-25 09:20:52 列表主赛场管理成功.
INFO 2014-07-25 09:20:53 列表试玩赛场管理成功.
INFO 2014-07-25 09:20:55 浏览试玩赛场管理成功.
INFO 2014-07-25 09:20:59 列表试玩赛场管理成功.
INFO 2014-07-25 09:21:02 浏览试玩赛场管理成功.
INFO 2014-07-25 09:21:05 列表试玩赛场管理成功.
INFO 2014-07-25 09:21:07 浏览主赛场管理成功.
INFO 2014-07-25 09:21:16 列表分赛场管理成功.
INFO 2014-07-25 09:21:17 浏览分赛场管理成功.
INFO 2014-07-25 09:21:29 列表主赛场管理成功.
INFO 2014-07-25 09:21:43 列表分赛场管理成功.
INFO 2014-07-25 09:21:45 增加分赛场管理成功.
INFO 2014-07-25 09:23:13 增加保存分赛场管理[10]成功.
INFO 2014-07-25 09:23:14 浏览分赛场管理成功.
INFO 2014-07-25 09:23:56 操作分赛场管理成功.
INFO 2014-07-25 09:23:59 浏览分赛场管理成功.
INFO 2014-07-25 09:24:02 列表分赛场管理成功.
INFO 2014-07-25 09:24:07 浏览分赛场管理成功.
INFO 2014-07-25 09:24:11 删除分赛场管理[10]成功.
INFO 2014-07-25 09:24:11 列表分赛场管理成功.
INFO 2014-07-25 10:31:40 超级系统管理员已经退出系统.
INFO 2014-07-25 11:02:08 会话已创建
INFO 2014-07-25 11:02:14 超级系统管理员用户,已经登录esk2系统.
INFO 2014-07-25 11:02:18 列表分赛场管理成功.
INFO 2014-07-25 11:02:20 浏览分赛场管理成功.
INFO 2014-07-25 11:02:44 列表分赛场管理成功.
INFO 2014-07-25 11:02:50 sql执行时间:104
INFO 2014-07-25 11:02:51 报表生成时间:221
INFO 2014-07-25 11:22:19 超级系统管理员用户,已经登录esk2系统.
INFO 2014-07-25 11:22:29 列表主赛场管理成功.
INFO 2014-07-25 11:22:31 列表分赛场管理成功.
INFO 2014-07-25 11:22:32 浏览分赛场管理成功.
INFO 2014-07-25 11:22:39 操作分赛场管理成功.
INFO 2014-07-25 11:22:46 浏览分赛场管理成功.
INFO 2014-07-25 11:22:48 操作分赛场管理成功.
INFO 2014-07-25 11:23:09 操作分赛场管理[82]成功.
INFO 2014-07-25 11:23:09 操作分赛场管理成功.
INFO 2014-07-25 11:23:11 浏览分赛场管理成功.
INFO 2014-07-25 11:23:34 操作分赛场管理成功.
INFO 2014-07-25 11:23:44 浏览分赛场管理成功.
INFO 2014-07-25 11:24:26 操作分赛场管理成功.
INFO 2014-07-25 11:24:47 超级系统管理员用户,已经退出系统.
INFO 2014-07-25 13:34:39 会话已创建
INFO 2014-07-25 13:35:02 超级系统管理员用户,已经登录esk2系统.
INFO 2014-07-25 13:35:08 列表主赛场管理成功.
INFO 2014-07-25 13:35:09 浏览主赛场管理成功.
INFO 2014-07-25 13:35:13 列表主赛场管理成功.
INFO 2014-07-25 13:35:14 浏览主赛场管理成功.
INFO 2014-07-25 13:35:29 操作主赛场管理成功.
INFO 2014-07-25 13:35:33 浏览主赛场管理成功.
INFO 2014-07-25 13:35:34 列表主赛场管理成功.
INFO 2014-07-25 13:35:36 列表分赛场管理成功.
INFO 2014-07-25 13:35:38 浏览分赛场管理成功.
INFO 2014-07-25 13:36:05 操作分赛场管理成功.
INFO 2014-07-25 13:36:07 浏览分赛场管理成功.
INFO 2014-07-25 13:44:35 列表分赛场管理成功.
INFO 2014-07-25 13:46:17 sql执行时间:112
INFO 2014-07-25 13:46:17 报表生成时间:235
INFO 2014-07-25 13:46:25 sql执行时间:26
INFO 2014-07-25 13:46:25 报表生成时间:45
INFO 2014-07-25 13:51:10 浏览分赛场管理成功.
INFO 2014-07-25 13:51:13 浏览明细分赛场管理成功.
INFO 2014-07-25 13:51:15 浏览分赛场管理成功.
INFO 2014-07-25 13:53:21 列表分赛场管理成功.
INFO 2014-07-25 13:53:24 浏览分赛场管理成功.
INFO 2014-07-25 13:53:57 浏览分赛场管理成功.
INFO 2014-07-25 13:56:13 浏览明细分赛场管理成功.
INFO 2014-07-25 13:56:15 浏览分赛场管理成功.
INFO 2014-07-25 13:57:46 列表报表设计成功.
INFO 2014-07-25 13:57:48 列表报表设计成功.
INFO 2014-07-25 13:57:50 浏览报表设计成功.
INFO 2014-07-25 13:57:53 浏览成功.
INFO 2014-07-25 13:58:25 浏览报表设计成功.
INFO 2014-07-25 13:59:08 浏览成功.
INFO 2014-07-25 14:01:40 浏览报表设计成功.
INFO 2014-07-25 14:01:47 列表分赛场管理成功.
INFO 2014-07-25 14:01:49 浏览分赛场管理成功.
INFO 2014-07-25 14:04:32 列表分赛场管理成功.
INFO 2014-07-25 14:04:34 浏览分赛场管理成功.
INFO 2014-07-25 14:04:36 浏览明细分赛场管理成功.
INFO 2014-07-25 14:04:38 浏览分赛场管理成功.
INFO 2014-07-25 14:04:40 操作分赛场管理成功.
INFO 2014-07-25 14:04:41 浏览分赛场管理成功.
INFO 2014-07-25 14:04:44 浏览明细分赛场管理成功.
INFO 2014-07-25 14:04:45 浏览分赛场管理成功.
INFO 2014-07-25 14:05:07 浏览明细分赛场管理成功.
INFO 2014-07-25 14:05:08 浏览分赛场管理成功.
INFO 2014-07-25 14:05:12 浏览分赛场管理成功.
INFO 2014-07-25 14:05:18 浏览分赛场管理成功.
INFO 2014-07-25 14:05:41 浏览分赛场管理成功.
INFO 2014-07-25 14:05:48 浏览分赛场管理成功.
INFO 2014-07-25 14:06:16 列表分赛场管理成功.
INFO 2014-07-25 14:06:18 浏览分赛场管理成功.
INFO 2014-07-25 14:06:19 浏览分赛场管理成功.
INFO 2014-07-25 14:06:26 浏览分赛场管理成功.
INFO 2014-07-25 14:08:39 浏览分赛场管理成功.
INFO 2014-07-25 14:08:40 浏览分赛场管理成功.
INFO 2014-07-25 14:09:00 浏览分赛场管理成功.
INFO 2014-07-25 14:09:04 浏览分赛场管理成功.
INFO 2014-07-25 14:09:05 浏览分赛场管理成功.
INFO 2014-07-25 14:09:05 浏览分赛场管理成功.
INFO 2014-07-25 14:09:06 浏览分赛场管理成功.
INFO 2014-07-25 14:09:07 浏览分赛场管理成功.
INFO 2014-07-25 14:09:09 浏览分赛场管理成功.
INFO 2014-07-25 14:09:11 浏览分赛场管理成功.
INFO 2014-07-25 14:12:11 列表分赛场管理成功.
INFO 2014-07-25 14:12:12 浏览分赛场管理成功.
INFO 2014-07-25 14:13:13 列表分赛场管理成功.
INFO 2014-07-25 14:13:17 浏览分赛场管理成功.
INFO 2014-07-25 14:13:19 浏览明细分赛场管理成功.
INFO 2014-07-25 14:13:20 浏览分赛场管理成功.
INFO 2014-07-25 14:13:27 操作分赛场管理成功.
INFO 2014-07-25 14:13:48 浏览分赛场管理成功.
INFO 2014-07-25 14:14:02 列表分赛场管理成功.
INFO 2014-07-25 14:14:07 列表试玩赛场管理成功.
INFO 2014-07-25 14:14:13 浏览试玩赛场管理成功.
INFO 2014-07-25 14:14:16 修改试玩赛场管理成功.
INFO 2014-07-25 14:14:18 浏览试玩赛场管理成功.
INFO 2014-07-25 14:14:20 浏览明细试玩赛场管理成功.
INFO 2014-07-25 14:14:21 修改明细试玩赛场管理成功.
INFO 2014-07-25 14:14:24 浏览试玩赛场管理成功.
INFO 2014-07-25 14:14:25 列表试玩赛场管理成功.
INFO 2014-07-25 14:15:24 浏览试玩赛场管理成功.
INFO 2014-07-25 14:15:26 浏览分赛场管理成功.
INFO 2014-07-25 14:23:29 列表分赛场管理成功.
INFO 2014-07-25 14:23:51 sql执行时间:8
INFO 2014-07-25 14:23:51 报表生成时间:23
INFO 2014-07-25 14:38:16 sql执行时间:5
INFO 2014-07-25 14:38:16 报表生成时间:29
INFO 2014-07-25 14:38:26 sql执行时间:15
INFO 2014-07-25 14:38:26 报表生成时间:28
INFO 2014-07-25 14:42:21 sql执行时间:10
INFO 2014-07-25 14:42:21 报表生成时间:41
INFO 2014-07-25 14:42:24 修改登录广告成功.
INFO 2014-07-25 14:50:03 超级系统管理员用户,已经退出系统.
INFO 2014-07-25 14:50:08 超级系统管理员用户,已经登录esk2系统.
INFO 2014-07-25 14:50:17 列表报表设计成功.
INFO 2014-07-25 14:50:19 列表报表设计成功.
INFO 2014-07-25 14:50:21 浏览报表设计成功.
INFO 2014-07-25 14:50:24 操作报表设计成功.
INFO 2014-07-25 14:50:24 浏览报表设计成功.
INFO 2014-07-25 14:50:51 列表主赛场管理成功.
INFO 2014-07-25 14:50:53 浏览主赛场管理成功.
INFO 2014-07-25 14:50:55 修改主赛场管理成功.
INFO 2014-07-25 14:50:58 修改保存主赛场管理[11]成功.
INFO 2014-07-25 14:50:58 浏览主赛场管理成功.
INFO 2014-07-25 14:50:59 列表主赛场管理成功.
INFO 2014-07-25 14:52:02 sql执行时间:15
INFO 2014-07-25 14:52:02 报表生成时间:76
INFO 2014-07-25 14:52:11 sql执行时间:9
INFO 2014-07-25 14:52:11 报表生成时间:28
INFO 2014-07-25 14:52:16 sql执行时间:11
INFO 2014-07-25 14:52:16 报表生成时间:70
INFO 2014-07-25 14:52:31 sql执行时间:19
INFO 2014-07-25 14:52:31 报表生成时间:36
INFO 2014-07-25 14:52:38 sql执行时间:7
INFO 2014-07-25 14:52:38 报表生成时间:18
INFO 2014-07-25 14:52:45 sql执行时间:21
INFO 2014-07-25 14:52:45 报表生成时间:40
INFO 2014-07-25 14:53:32 sql执行时间:23
INFO 2014-07-25 14:53:32 报表生成时间:122
INFO 2014-07-25 15:23:36 超级系统管理员已经退出系统.
INFO 2014-07-25 15:23:45 会话已创建
INFO 2014-07-25 15:23:53 超级系统管理员用户,已经登录esk2系统.
INFO 2014-07-25 15:23:53 超级系统管理员用户,已经退出系统.
INFO 2014-07-25 15:24:06 超级系统管理员用户,已经登录esk2系统.
INFO 2014-07-25 15:24:11 sql执行时间:30
INFO 2014-07-25 15:24:11 报表生成时间:49
INFO 2014-07-25 15:24:19 sql执行时间:5
INFO 2014-07-25 15:24:19 报表生成时间:17
INFO 2014-07-25 15:24:25 sql执行时间:7
INFO 2014-07-25 15:24:25 报表生成时间:26
INFO 2014-07-25 15:24:36 sql执行时间:5
INFO 2014-07-25 15:24:36 报表生成时间:26
INFO 2014-07-25 15:36:24 sql执行时间:7
INFO 2014-07-25 15:36:24 报表生成时间:25
INFO 2014-07-25 16:02:55 sql执行时间:7
INFO 2014-07-25 16:02:55 报表生成时间:22
INFO 2014-07-25 16:03:03 超级系统管理员用户,已经退出系统.
INFO 2014-07-25 16:03:11 超级系统管理员用户,已经登录esk2系统.
INFO 2014-07-25 16:03:24 修改登录广告成功.
INFO 2014-07-25 16:03:27 列表操作员管理成功.
INFO 2014-07-25 16:21:37 列表报表设计成功.
INFO 2014-07-25 16:21:39 列表报表设计成功.
INFO 2014-07-25 16:21:46 浏览报表设计成功.
INFO 2014-07-25 16:21:47 浏览成功.
INFO 2014-07-25 16:21:48 修改成功.
INFO 2014-07-25 16:22:35 修改保存[6]成功.
INFO 2014-07-25 16:22:35 浏览成功.
INFO 2014-07-25 16:22:38 浏览报表设计成功.
INFO 2014-07-25 16:22:40 操作报表设计成功.
INFO 2014-07-25 16:22:41 浏览报表设计成功.
INFO 2014-07-25 16:23:07 操作报表设计成功.
INFO 2014-07-25 16:23:07 浏览报表设计成功.
INFO 2014-07-25 16:23:11 sql执行时间:4
INFO 2014-07-25 16:23:11 报表生成时间:16
INFO 2014-07-25 16:23:25 sql执行时间:29
INFO 2014-07-25 16:23:25 报表生成时间:44
INFO 2014-07-25 16:24:08 列表主赛场管理成功.
INFO 2014-07-25 16:24:10 列表试玩赛场管理成功.
INFO 2014-07-25 16:24:11 列表分赛场管理成功.
INFO 2014-07-25 16:24:13 浏览分赛场管理成功.
INFO 2014-07-25 16:24:16 列表分赛场管理成功.
INFO 2014-07-25 16:24:18 浏览分赛场管理成功.
INFO 2014-07-25 16:25:07 列表分赛场管理成功.
INFO 2014-07-25 16:25:38 sql执行时间:8
INFO 2014-07-25 16:25:38 报表生成时间:20
INFO 2014-07-25 16:25:47 sql执行时间:14
INFO 2014-07-25 16:25:47 报表生成时间:27
INFO 2014-07-25 16:30:49 浏览成功.
INFO 2014-07-25 16:30:50 修改成功.
INFO 2014-07-25 16:31:45 修改保存[6]成功.
INFO 2014-07-25 16:31:45 浏览成功.
INFO 2014-07-25 16:31:47 浏览报表设计成功.
INFO 2014-07-25 16:31:49 浏览成功.
INFO 2014-07-25 16:31:50 修改成功.
INFO 2014-07-25 16:31:55 修改保存[18]成功.
INFO 2014-07-25 16:31:55 浏览成功.
INFO 2014-07-25 16:31:57 浏览报表设计成功.
INFO 2014-07-25 16:31:58 操作报表设计成功.
INFO 2014-07-25 16:31:58 浏览报表设计成功.
INFO 2014-07-25 16:32:06 sql执行时间:14
INFO 2014-07-25 16:32:06 报表生成时间:29
INFO 2014-07-25 16:45:34 sql执行时间:5
INFO 2014-07-25 16:45:34 报表生成时间:26
INFO 2014-07-25 17:14:08 浏览成功.
INFO 2014-07-25 17:14:09 修改成功.
INFO 2014-07-25 17:14:44 修改保存[6]成功.
INFO 2014-07-25 17:14:44 浏览成功.
INFO 2014-07-25 17:14:46 浏览报表设计成功.
INFO 2014-07-25 17:14:49 操作报表设计成功.
INFO 2014-07-25 17:14:49 浏览报表设计成功.
INFO 2014-07-25 17:14:54 报表生成时间:239
INFO 2014-07-25 17:15:06 浏览成功.
INFO 2014-07-25 17:15:08 修改成功.
INFO 2014-07-25 17:15:14 修改保存[18]成功.
INFO 2014-07-25 17:15:14 浏览成功.
INFO 2014-07-25 17:15:16 浏览报表设计成功.
INFO 2014-07-25 17:15:17 操作报表设计成功.
INFO 2014-07-25 17:15:17 浏览报表设计成功.
INFO 2014-07-25 17:15:23 sql执行时间:12
INFO 2014-07-25 17:15:23 报表生成时间:27
INFO 2014-07-25 17:15:48 sql执行时间:7
INFO 2014-07-25 17:15:48 报表生成时间:18
INFO 2014-07-25 17:16:09 报表生成时间:16
INFO 2014-07-25 17:16:30 浏览成功.
INFO 2014-07-25 17:16:31 修改成功.
INFO 2014-07-25 17:16:35 修改保存[20]成功.
INFO 2014-07-25 17:16:35 浏览成功.
INFO 2014-07-25 17:16:37 浏览报表设计成功.
INFO 2014-07-25 17:16:38 操作报表设计成功.
INFO 2014-07-25 17:16:38 浏览报表设计成功.
INFO 2014-07-25 17:16:42 sql执行时间:9
INFO 2014-07-25 17:16:42 报表生成时间:27
INFO 2014-07-25 17:17:08 sql执行时间:6
INFO 2014-07-25 17:17:08 报表生成时间:30
INFO 2014-07-25 17:17:14 sql执行时间:6
INFO 2014-07-25 17:17:14 报表生成时间:31
INFO 2014-07-25 17:17:41 sql执行时间:10
INFO 2014-07-25 17:17:41 报表生成时间:23
INFO 2014-07-25 17:18:29 列表报表设计成功.
INFO 2014-07-25 17:18:30 列表报表设计成功.
INFO 2014-07-25 17:18:32 浏览报表设计成功.
INFO 2014-07-25 17:18:33 浏览成功.
INFO 2014-07-25 17:18:34 修改成功.
INFO 2014-07-25 17:18:38 修改保存[6]成功.
INFO 2014-07-25 17:18:38 浏览成功.
INFO 2014-07-25 17:18:40 浏览报表设计成功.
INFO 2014-07-25 17:18:41 操作报表设计成功.
INFO 2014-07-25 17:18:41 浏览报表设计成功.
INFO 2014-07-25 17:18:47 sql执行时间:8
INFO 2014-07-25 17:18:47 报表生成时间:30
INFO 2014-07-25 17:18:51 sql执行时间:5
INFO 2014-07-25 17:18:51 报表生成时间:19
INFO 2014-07-25 17:19:05 sql执行时间:6
INFO 2014-07-25 17:19:05 报表生成时间:21
INFO 2014-07-25 17:19:16 sql执行时间:5
INFO 2014-07-25 17:19:16 报表生成时间:18
INFO 2014-07-25 17:22:55 列表报表设计成功.
INFO 2014-07-25 17:22:58 浏览报表设计成功.
INFO 2014-07-25 17:22:58 浏览报表设计成功.
INFO 2014-07-25 17:23:00 浏览成功.
INFO 2014-07-25 17:41:15 浏览报表设计成功.
INFO 2014-07-26 10:38:47 会话已创建
INFO 2014-07-26 10:38:47 会话已创建
INFO 2014-07-26 10:38:53 超级系统管理员用户,已经登录esk2系统.
INFO 2014-07-26 10:39:15 sql执行时间:82
INFO 2014-07-26 10:39:16 报表生成时间:387
INFO 2014-07-26 10:39:25 sql执行时间:27
INFO 2014-07-26 10:39:25 报表生成时间:246
INFO 2014-07-26 10:40:44 sql执行时间:5
INFO 2014-07-26 10:40:44 报表生成时间:28
INFO 2014-07-26 11:11:33 超级系统管理员已经退出系统.
INFO 2014-07-26 13:17:28 会话已创建
INFO 2014-07-26 13:17:34 超级系统管理员用户,已经登录esk2系统.
INFO 2014-07-26 13:17:38 列表报表设计成功.
INFO 2014-07-26 13:17:40 列表报表设计成功.
INFO 2014-07-26 13:17:44 浏览报表设计成功.
INFO 2014-07-26 13:17:47 修改报表设计成功.
INFO 2014-07-26 13:17:57 修改保存报表设计[7]成功.
INFO 2014-07-26 13:17:57 浏览报表设计成功.
INFO 2014-07-26 13:18:00 列表报表设计成功.
INFO 2014-07-26 13:18:03 浏览报表设计成功.
INFO 2014-07-26 13:18:04 浏览成功.
INFO 2014-07-26 13:18:34 浏览成功.
INFO 2014-07-26 13:18:35 修改成功.
INFO 2014-07-26 13:18:44 修改保存[6]成功.
INFO 2014-07-26 13:18:44 浏览成功.
INFO 2014-07-26 13:18:53 增加明细报表设计成功.
INFO 2014-07-26 13:18:55 浏览报表设计成功.
INFO 2014-07-26 13:18:55 增加成功.
INFO 2014-07-26 13:19:02 浏览报表设计成功.
INFO 2014-07-26 13:19:06 列表报表控件成功.
INFO 2014-07-26 13:19:09 增加报表控件成功.
INFO 2014-07-26 13:19:23 增加保存报表控件[2]成功.
INFO 2014-07-26 13:19:23 浏览报表控件成功.
INFO 2014-07-26 13:19:26 增加明细报表控件成功.
INFO 2014-07-26 13:19:32 列表报表设计成功.
INFO 2014-07-26 13:19:34 浏览报表设计成功.
INFO 2014-07-26 13:19:36 浏览成功.
INFO 2014-07-26 13:20:11 操作报表控件[2]成功.
INFO 2014-07-26 13:20:11 浏览明细报表控件成功.
INFO 2014-07-26 13:20:14 浏览报表控件成功.
INFO 2014-07-26 13:20:20 浏览报表设计成功.
INFO 2014-07-26 13:20:21 列表报表设计成功.
INFO 2014-07-26 13:20:22 浏览报表设计成功.
INFO 2014-07-26 13:20:26 增加成功.
INFO 2014-07-26 13:20:28 操作报表控件成功.
INFO 2014-07-26 13:20:33 增加保存[21]成功.
INFO 2014-07-26 13:20:33 浏览成功.
INFO 2014-07-26 13:20:35 浏览报表设计成功.
INFO 2014-07-26 13:20:50 浏览成功.
INFO 2014-07-26 13:20:51 修改成功.
INFO 2014-07-26 13:21:14 浏览报表设计成功.
INFO 2014-07-26 13:21:16 列表报表设计成功.
INFO 2014-07-26 13:21:17 浏览报表设计成功.
INFO 2014-07-26 13:21:18 浏览成功.
INFO 2014-07-26 13:21:23 浏览报表设计成功.
INFO 2014-07-26 13:21:23 列表报表设计成功.
INFO 2014-07-26 13:21:25 浏览报表设计成功.
INFO 2014-07-26 13:21:26 浏览成功.
INFO 2014-07-26 13:21:28 修改成功.
INFO 2014-07-26 13:22:34 修改保存[6]成功.
INFO 2014-07-26 13:22:34 浏览成功.
INFO 2014-07-26 13:22:36 浏览报表设计成功.
INFO 2014-07-26 13:22:38 操作报表设计成功.
INFO 2014-07-26 13:22:38 浏览报表设计成功.
INFO 2014-07-26 13:22:48 sql执行时间:172
INFO 2014-07-26 13:22:48 报表生成时间:194
INFO 2014-07-26 13:23:50 浏览成功.
INFO 2014-07-26 13:23:51 修改成功.
INFO 2014-07-26 13:24:02 修改保存[6]成功.
INFO 2014-07-26 13:24:02 浏览成功.
INFO 2014-07-26 13:24:04 浏览报表设计成功.
INFO 2014-07-26 13:24:06 操作报表设计成功.
INFO 2014-07-26 13:24:06 浏览报表设计成功.
INFO 2014-07-26 13:24:10 sql执行时间:10
INFO 2014-07-26 13:24:10 报表生成时间:27
INFO 2014-07-26 13:24:21 sql执行时间:9
INFO 2014-07-26 13:24:21 报表生成时间:35
INFO 2014-07-26 13:24:36 sql执行时间:12
INFO 2014-07-26 13:24:36 报表生成时间:102
INFO 2014-07-26 13:24:47 sql执行时间:9
INFO 2014-07-26 13:24:47 报表生成时间:113
INFO 2014-07-26 13:24:54 sql执行时间:19
INFO 2014-07-26 13:24:54 报表生成时间:40
INFO 2014-07-26 13:25:10 列表报表控件成功.
INFO 2014-07-26 13:25:27 操作报表设计成功.
INFO 2014-07-26 13:25:27 浏览报表设计成功.
INFO 2014-07-26 13:25:58 sql执行时间:6
INFO 2014-07-26 13:25:58 报表生成时间:17
INFO 2014-07-26 13:26:26 sql执行时间:26
INFO 2014-07-26 13:26:26 报表生成时间:41
INFO 2014-07-26 13:26:31 sql执行时间:14
INFO 2014-07-26 13:26:31 报表生成时间:33
INFO 2014-07-26 13:26:41 sql执行时间:13
INFO 2014-07-26 13:26:41 报表生成时间:23
INFO 2014-07-26 13:26:45 sql执行时间:13
INFO 2014-07-26 13:26:45 报表生成时间:36
INFO 2014-07-26 13:27:11 浏览成功.
INFO 2014-07-26 13:28:34 浏览报表设计成功.
INFO 2014-07-26 13:28:36 浏览成功.
INFO 2014-07-26 13:28:50 浏览报表设计成功.
INFO 2014-07-26 13:59:34 超级系统管理员已经退出系统.
INFO 2014-07-26 15:17:54 会话已创建
INFO 2014-07-26 15:18:17 会话已创建
INFO 2014-07-26 15:53:04 会话已创建
INFO 2014-07-26 15:53:31 超级系统管理员用户,已经登录esk2系统.
INFO 2014-07-26 15:54:00 超级系统管理员用户,已经退出系统.
INFO 2014-07-26 16:01:18 会话已创建
INFO 2014-07-26 16:49:52 调用：user.loginad,版本：1.0
INFO 2014-07-26 16:50:59 超级系统管理员用户,已经登录esk2系统.
INFO 2014-07-26 16:51:33 会话已创建
INFO 2014-07-26 16:51:33 会话已创建
INFO 2014-07-26 16:51:34 超级系统管理员用户,已经登录esk2系统.
INFO 2014-07-26 16:51:42 列表试玩赛场管理成功.
INFO 2014-07-26 16:51:43 超级系统管理员用户,已经退出系统.
INFO 2014-07-26 16:53:37 超级系统管理员用户,已经登录esk2系统.
INFO 2014-07-26 16:53:43 超级系统管理员用户,已经登录esk2系统.
INFO 2014-07-26 16:53:43 超级系统管理员用户,已经登录esk2系统.
INFO 2014-07-26 16:54:17 超级系统管理员用户,已经退出系统.
INFO 2014-07-26 16:54:30 超级系统管理员用户,已经登录esk2系统.
INFO 2014-07-26 16:55:15 超级系统管理员用户,已经登录esk2系统.
INFO 2014-07-26 16:56:10 超级系统管理员用户,已经退出系统.
INFO 2014-07-26 16:56:12 超级系统管理员用户,已经登录esk2系统.
INFO 2014-07-26 16:58:19 超级系统管理员用户,已经退出系统.
INFO 2014-07-26 16:58:20 超级系统管理员用户,已经登录esk2系统.
INFO 2014-07-26 16:59:14 超级系统管理员用户,已经退出系统.
INFO 2014-07-26 16:59:16 超级系统管理员用户,已经登录esk2系统.
INFO 2014-07-26 17:01:17 超级系统管理员用户,已经登录esk2系统.
INFO 2014-07-26 17:01:17 超级系统管理员用户,已经退出系统.
INFO 2014-07-26 17:02:25 超级系统管理员用户,已经登录esk2系统.
INFO 2014-07-26 17:02:25 超级系统管理员用户,已经退出系统.
INFO 2014-07-26 17:03:16 超级系统管理员用户,已经登录esk2系统.
INFO 2014-07-26 17:03:16 超级系统管理员用户,已经退出系统.
INFO 2014-07-26 17:04:26 超级系统管理员用户,已经登录esk2系统.
INFO 2014-07-26 17:04:26 超级系统管理员用户,已经退出系统.
INFO 2014-07-26 17:04:48 超级系统管理员用户,已经登录esk2系统.
INFO 2014-07-26 17:04:48 超级系统管理员用户,已经退出系统.
INFO 2014-07-26 17:05:17 超级系统管理员用户,已经登录esk2系统.
INFO 2014-07-26 17:05:17 超级系统管理员用户,已经退出系统.
INFO 2014-07-26 17:06:18 超级系统管理员用户,已经登录esk2系统.
INFO 2014-07-26 17:06:18 超级系统管理员用户,已经退出系统.
INFO 2014-07-26 17:07:56 超级系统管理员用户,已经登录esk2系统.
INFO 2014-07-26 17:07:56 超级系统管理员用户,已经退出系统.
INFO 2014-07-26 17:08:33 超级系统管理员用户,已经登录esk2系统.
INFO 2014-07-28 09:53:12 会话已创建
INFO 2014-07-28 09:53:12 会话已创建
INFO 2014-07-28 09:53:24 超级系统管理员用户,已经登录esk2系统.
INFO 2014-07-28 10:24:06 超级系统管理员已经退出系统.
INFO 2014-07-28 13:53:15 会话已创建
INFO 2014-07-28 13:53:40 超级系统管理员用户,已经登录esk2系统.
INFO 2014-07-28 14:00:35 超级系统管理员用户,已经退出系统.
INFO 2014-07-28 14:00:46 超级系统管理员用户,已经登录esk2系统.
INFO 2014-07-28 14:02:50 超级系统管理员用户,已经登录esk2系统.
INFO 2014-07-28 14:02:50 超级系统管理员用户,已经退出系统.
INFO 2014-07-28 14:06:14 超级系统管理员用户,已经登录esk2系统.
INFO 2014-07-28 14:06:14 超级系统管理员用户,已经退出系统.
INFO 2014-07-28 14:07:58 超级系统管理员用户,已经登录esk2系统.
INFO 2014-07-28 14:07:58 超级系统管理员用户,已经退出系统.
INFO 2014-07-28 14:08:52 超级系统管理员用户,已经登录esk2系统.
INFO 2014-07-28 14:08:52 超级系统管理员用户,已经退出系统.
INFO 2014-07-28 14:09:43 超级系统管理员用户,已经登录esk2系统.
INFO 2014-07-28 14:10:04 超级系统管理员用户,已经退出系统.
INFO 2014-07-28 14:10:19 超级系统管理员用户,已经登录esk2系统.
INFO 2014-07-28 14:10:51 超级系统管理员用户,已经退出系统.
INFO 2014-07-28 14:10:57 超级系统管理员用户,已经登录esk2系统.
INFO 2014-07-28 14:11:56 超级系统管理员用户,已经登录esk2系统.
INFO 2014-07-28 14:11:56 超级系统管理员用户,已经退出系统.
INFO 2014-07-28 14:13:22 超级系统管理员用户,已经登录esk2系统.
INFO 2014-07-28 14:23:33 超级系统管理员用户,已经退出系统.
INFO 2014-07-28 14:23:36 超级系统管理员用户,已经登录esk2系统.
INFO 2014-07-28 14:26:45 超级系统管理员用户,已经退出系统.
INFO 2014-07-28 14:26:47 超级系统管理员用户,已经登录esk2系统.
INFO 2014-07-28 14:34:41 超级系统管理员用户,已经退出系统.
INFO 2014-07-28 14:34:45 超级系统管理员用户,已经登录esk2系统.
INFO 2014-07-28 14:35:09 超级系统管理员用户,已经退出系统.
INFO 2014-07-28 14:35:12 超级系统管理员用户,已经登录esk2系统.
INFO 2014-07-28 14:35:47 超级系统管理员用户,已经退出系统.
INFO 2014-07-28 14:35:52 超级系统管理员用户,已经登录esk2系统.
INFO 2014-07-28 14:37:03 超级系统管理员用户,已经退出系统.
INFO 2014-07-28 14:37:07 超级系统管理员用户,已经登录esk2系统.
INFO 2014-07-28 14:37:49 超级系统管理员用户,已经退出系统.
INFO 2014-07-28 14:37:52 超级系统管理员用户,已经登录esk2系统.
INFO 2014-07-28 14:38:01 超级系统管理员用户,已经退出系统.
INFO 2014-07-28 14:38:04 超级系统管理员用户,已经登录esk2系统.
INFO 2014-07-28 14:38:54 超级系统管理员用户,已经退出系统.
INFO 2014-07-28 14:38:58 超级系统管理员用户,已经登录esk2系统.
INFO 2014-07-28 14:57:01 超级系统管理员用户,已经退出系统.
INFO 2014-07-28 14:57:05 超级系统管理员用户,已经登录esk2系统.
INFO 2014-07-28 14:57:25 超级系统管理员用户,已经退出系统.
INFO 2014-07-28 14:57:29 超级系统管理员用户,已经登录esk2系统.
INFO 2014-07-28 15:01:38 列表报表设计成功.
INFO 2014-07-28 15:01:40 列表报表设计成功.
INFO 2014-07-28 15:01:43 浏览报表设计成功.
INFO 2014-07-28 15:01:46 浏览成功.
INFO 2014-07-28 15:01:51 浏览报表设计成功.
INFO 2014-07-28 15:01:53 列表报表设计成功.
INFO 2014-07-28 15:01:54 浏览报表设计成功.
INFO 2014-07-28 15:01:56 浏览成功.
INFO 2014-07-28 15:06:47 超级系统管理员用户,已经退出系统.
INFO 2014-07-28 15:06:51 超级系统管理员用户,已经登录esk2系统.
INFO 2014-07-28 15:37:20 超级系统管理员已经退出系统.
INFO 2014-07-28 15:45:12 会话已创建
INFO 2014-07-28 16:26:43 会话已创建
INFO 2014-07-28 16:26:47 超级系统管理员用户,已经登录esk2系统.
INFO 2014-07-28 16:29:56 超级系统管理员用户,已经退出系统.
INFO 2014-07-28 16:30:02 超级系统管理员用户,已经登录esk2系统.
INFO 2014-07-28 17:00:21 超级系统管理员已经退出系统.
INFO 2014-07-28 17:41:25 会话已创建
INFO 2014-07-28 17:41:26 超级系统管理员用户,已经登录esk2系统.
INFO 2014-07-28 17:41:26 超级系统管理员用户,已经退出系统.
INFO 2014-07-28 18:15:00 会话已创建
INFO 2014-07-28 18:15:06 超级系统管理员用户,已经登录esk2系统.
INFO 2014-07-28 18:15:16 sql执行时间:5
INFO 2014-07-28 18:15:17 报表生成时间:488
INFO 2014-07-28 18:15:22 sql执行时间:9
INFO 2014-07-28 18:15:22 报表生成时间:21
INFO 2014-07-28 18:15:29 sql执行时间:68
INFO 2014-07-28 18:15:29 报表生成时间:85
INFO 2014-07-28 18:37:59 超级系统管理员用户,已经退出系统.
INFO 2014-07-29 09:57:30 会话已创建
INFO 2014-07-29 09:57:31 会话已创建
INFO 2014-07-29 09:58:05 超级系统管理员用户,已经登录esk2系统.
INFO 2014-07-29 10:05:21 列表权限成功.
INFO 2014-07-29 10:05:26 浏览权限成功.
INFO 2014-07-29 10:05:28 修改权限成功.
INFO 2014-07-29 10:05:34 浏览权限成功.
INFO 2014-07-29 10:05:37 列表权限成功.
INFO 2014-07-29 10:05:43 修改登录广告成功.
INFO 2014-07-29 10:35:58 超级系统管理员已经退出系统.
INFO 2014-07-30 17:15:09 会话已创建
INFO 2014-07-30 17:15:17 超级系统管理员用户,已经登录esk2系统.
INFO 2014-07-30 17:28:57 列表作业调度成功.
INFO 2014-07-30 17:29:04 浏览作业调度成功.
INFO 2014-07-30 17:29:53 列表作业调度成功.
INFO 2014-07-30 17:29:56 列表作业对象注册成功.
INFO 2014-07-30 17:33:02 超级系统管理员用户,已经退出系统.
INFO 2014-07-31 14:11:34 会话已创建
INFO 2014-07-31 14:11:43 超级系统管理员用户,已经登录esk2系统.
INFO 2014-07-31 14:43:14 超级系统管理员已经退出系统.
INFO 2014-07-31 17:01:21 会话已创建
INFO 2014-07-31 17:01:21 会话已创建
INFO 2014-07-31 17:01:32 超级系统管理员用户,已经登录esk2系统.
INFO 2014-07-31 17:01:38 修改登录广告成功.
INFO 2014-07-31 17:01:44 列表试玩赛场管理成功.
INFO 2014-07-31 17:01:52 浏览试玩赛场管理成功.
INFO 2014-07-31 17:01:55 列表分赛场管理成功.
INFO 2014-07-31 17:01:58 浏览分赛场管理成功.
INFO 2014-07-31 17:02:11 列表主赛场管理成功.
INFO 2014-07-31 17:02:13 浏览主赛场管理成功.
INFO 2014-07-31 17:02:29 列表主赛场管理成功.
INFO 2014-07-31 17:02:43 浏览主赛场管理成功.
INFO 2014-07-31 17:03:12 列表主赛场管理成功.
INFO 2014-07-31 17:08:00 sql执行时间:41
INFO 2014-07-31 17:08:01 报表生成时间:273
INFO 2014-07-31 17:08:24 列表报表设计成功.
INFO 2014-07-31 17:08:26 列表报表设计成功.
INFO 2014-07-31 17:08:27 列表报表设计成功.
INFO 2014-07-31 17:08:29 浏览报表设计成功.
INFO 2014-07-31 17:08:32 操作报表设计成功.
INFO 2014-07-31 17:08:32 浏览报表设计成功.
INFO 2014-07-31 17:08:36 sql执行时间:37
INFO 2014-07-31 17:08:36 报表生成时间:74
INFO 2014-07-31 17:12:26 浏览成功.
INFO 2014-07-31 17:12:27 修改成功.
INFO 2014-07-31 17:12:34 修改保存[5]成功.
INFO 2014-07-31 17:12:34 浏览成功.
INFO 2014-07-31 17:12:36 浏览报表设计成功.
INFO 2014-07-31 17:12:38 操作报表设计成功.
INFO 2014-07-31 17:12:39 浏览报表设计成功.
INFO 2014-07-31 17:12:44 sql执行时间:19
INFO 2014-07-31 17:12:44 报表生成时间:96
INFO 2014-07-31 17:13:04 sql执行时间:42
INFO 2014-07-31 17:13:04 报表生成时间:92
INFO 2014-07-31 17:13:21 sql执行时间:9
INFO 2014-07-31 17:13:21 报表生成时间:26
INFO 2014-07-31 17:13:32 列表报表设计成功.
INFO 2014-07-31 17:13:34 浏览报表设计成功.
INFO 2014-07-31 17:13:38 浏览成功.
INFO 2014-07-31 17:13:38 修改成功.
INFO 2014-07-31 17:13:42 浏览报表设计成功.
INFO 2014-07-31 17:13:43 列表报表设计成功.
INFO 2014-07-31 17:13:45 浏览报表设计成功.
INFO 2014-07-31 17:13:46 浏览成功.
INFO 2014-07-31 17:13:47 修改成功.
INFO 2014-07-31 17:13:55 修改保存[6]成功.
INFO 2014-07-31 17:13:55 浏览成功.
INFO 2014-07-31 17:13:58 浏览报表设计成功.
INFO 2014-07-31 17:13:59 操作报表设计成功.
INFO 2014-07-31 17:13:59 浏览报表设计成功.
INFO 2014-07-31 17:14:14 sql执行时间:20
INFO 2014-07-31 17:14:14 报表生成时间:73
INFO 2014-07-31 17:45:09 超级系统管理员已经退出系统.
INFO 2014-07-31 17:46:59 会话已创建
INFO 2014-08-04 10:01:21 会话已创建
INFO 2014-08-04 10:01:22 会话已创建
INFO 2014-08-04 10:01:30 超级系统管理员用户,已经登录esk2系统.
INFO 2014-08-04 10:04:10 sql执行时间:36
INFO 2014-08-04 10:04:10 报表生成时间:404
INFO 2014-08-04 10:04:16 sql执行时间:15
INFO 2014-08-04 10:04:16 报表生成时间:86
INFO 2014-08-04 10:10:23 sql执行时间:7
INFO 2014-08-04 10:10:23 报表生成时间:43
INFO 2014-08-04 10:16:20 列表主赛场管理成功.
INFO 2014-08-04 10:16:20 列表分赛场管理成功.
INFO 2014-08-04 10:16:22 浏览分赛场管理成功.
INFO 2014-08-04 10:20:53 操作分赛场管理成功.
INFO 2014-08-04 10:20:55 浏览分赛场管理成功.
INFO 2014-08-04 10:51:54 超级系统管理员已经退出系统.
INFO 2014-08-04 13:39:17 会话已创建
INFO 2014-08-04 14:26:34 会话已创建
INFO 2014-08-04 14:26:35 会话已创建
INFO 2014-08-04 14:26:40 超级系统管理员用户,已经登录esk2系统.
INFO 2014-08-04 14:29:43 列表试玩赛场管理成功.
INFO 2014-08-04 14:29:46 浏览试玩赛场管理成功.
INFO 2014-08-04 14:29:49 修改试玩赛场管理成功.
INFO 2014-08-04 14:29:51 浏览试玩赛场管理成功.
INFO 2014-08-04 14:29:52 列表主赛场管理成功.
INFO 2014-08-04 14:29:54 增加主赛场管理成功.
INFO 2014-08-04 14:46:58 列表试玩赛场管理成功.
INFO 2014-08-04 14:46:59 列表主赛场管理成功.
INFO 2014-08-04 14:47:00 浏览主赛场管理成功.
INFO 2014-08-04 14:47:03 修改主赛场管理成功.
INFO 2014-08-04 14:47:26 列表主赛场管理成功.
INFO 2014-08-04 14:47:29 浏览主赛场管理成功.
INFO 2014-08-04 14:47:30 修改主赛场管理成功.
INFO 2014-08-04 14:47:40 浏览主赛场管理成功.
INFO 2014-08-04 14:47:42 修改主赛场管理成功.
INFO 2014-08-04 14:51:11 浏览主赛场管理成功.
INFO 2014-08-04 14:51:13 修改主赛场管理成功.
INFO 2014-08-04 14:51:44 浏览主赛场管理成功.
INFO 2014-08-04 14:51:45 修改主赛场管理成功.
INFO 2014-08-04 15:04:36 sql执行时间:15
INFO 2014-08-04 15:04:36 报表生成时间:123
INFO 2014-08-04 15:20:17 列表主赛场管理成功.
INFO 2014-08-04 15:20:20 增加主赛场管理成功.
INFO 2014-08-04 15:21:11 超级系统管理员用户,已经登录esk2系统.
INFO 2014-08-04 15:21:25 列表主赛场管理成功.
INFO 2014-08-04 15:21:27 增加主赛场管理成功.
INFO 2014-08-04 15:22:14 列表主赛场管理成功.
INFO 2014-08-04 15:22:16 增加主赛场管理成功.
INFO 2014-08-04 15:23:24 会话已创建
INFO 2014-08-04 15:23:36 超级系统管理员用户,已经登录esk2系统.
INFO 2014-08-04 15:23:50 列表主赛场管理成功.
INFO 2014-08-04 15:23:52 增加主赛场管理成功.
INFO 2014-08-04 15:25:37 列表主赛场管理成功.
INFO 2014-08-04 15:43:06 列表主赛场管理成功.
INFO 2014-08-04 15:43:11 增加主赛场管理成功.
INFO 2014-08-04 15:51:28 列表报表设计成功.
INFO 2014-08-04 15:51:32 列表报表控件成功.
INFO 2014-08-04 15:51:34 浏览报表控件成功.
INFO 2014-08-04 15:51:36 浏览明细报表控件成功.
INFO 2014-08-04 15:51:43 修改明细报表控件成功.
INFO 2014-08-04 15:51:58 操作报表控件[2]成功.
INFO 2014-08-04 15:51:58 浏览明细报表控件成功.
INFO 2014-08-04 15:53:01 超级系统管理员已经退出系统.
INFO 2014-08-04 15:56:26 浏览报表控件成功.
INFO 2014-08-04 15:56:29 浏览明细报表控件成功.
INFO 2014-08-04 15:56:34 浏览报表控件成功.
INFO 2014-08-04 15:56:50 列表报表控件成功.
INFO 2014-08-04 16:27:01 超级系统管理员已经退出系统.
INFO 2014-08-04 16:36:33 调用：user.getUserBestRecordList,版本：1.0
INFO 2014-08-04 16:42:21 调用：user.getUserBestRecordList,版本：1.0
INFO 2014-08-04 16:55:24 调用：user.loginad,版本：1.0
INFO 2014-08-04 17:58:25 会话已创建
INFO 2014-08-05 10:53:12 会话已创建
INFO 2014-08-05 10:53:26 超级系统管理员用户,已经登录esk2系统.
INFO 2014-08-05 10:54:26 超级系统管理员用户,已经登录esk2系统.
INFO 2014-08-05 10:54:26 超级系统管理员用户,已经退出系统.
INFO 2014-08-05 10:55:25 超级系统管理员用户,已经登录esk2系统.
INFO 2014-08-05 10:55:25 超级系统管理员用户,已经退出系统.
INFO 2014-08-05 10:55:37 超级系统管理员用户,已经登录esk2系统.
INFO 2014-08-05 10:55:37 超级系统管理员用户,已经退出系统.
INFO 2014-08-05 10:56:35 超级系统管理员用户,已经登录esk2系统.
INFO 2014-08-05 10:56:35 超级系统管理员用户,已经退出系统.
INFO 2014-08-05 10:59:37 超级系统管理员用户,已经登录esk2系统.
INFO 2014-08-05 10:59:37 超级系统管理员用户,已经退出系统.
INFO 2014-08-05 10:59:49 超级系统管理员用户,已经登录esk2系统.
INFO 2014-08-05 10:59:49 超级系统管理员用户,已经退出系统.
INFO 2014-08-05 11:00:01 超级系统管理员用户,已经登录esk2系统.
INFO 2014-08-05 11:00:20 超级系统管理员用户,已经登录esk2系统.
INFO 2014-08-05 11:00:23 超级系统管理员用户,已经退出系统.
INFO 2014-08-05 11:00:54 超级系统管理员用户,已经登录esk2系统.
INFO 2014-08-05 11:00:54 超级系统管理员用户,已经退出系统.
INFO 2014-08-05 11:02:08 超级系统管理员用户,已经登录esk2系统.
INFO 2014-08-05 11:02:08 超级系统管理员用户,已经退出系统.
INFO 2014-08-05 11:03:30 超级系统管理员用户,已经登录esk2系统.
INFO 2014-08-05 11:03:31 超级系统管理员用户,已经退出系统.
INFO 2014-08-05 11:11:22 超级系统管理员用户,已经登录esk2系统.
INFO 2014-08-05 11:11:22 超级系统管理员用户,已经退出系统.
INFO 2014-08-05 11:11:55 超级系统管理员用户,已经登录esk2系统.
INFO 2014-08-05 11:11:56 超级系统管理员用户,已经退出系统.
INFO 2014-08-05 11:20:30 超级系统管理员用户,已经登录esk2系统.
INFO 2014-08-05 11:20:30 超级系统管理员用户,已经退出系统.
INFO 2014-08-05 11:20:58 超级系统管理员用户,已经登录esk2系统.
INFO 2014-08-05 11:20:59 超级系统管理员用户,已经退出系统.
INFO 2014-08-05 11:22:34 超级系统管理员用户,已经退出系统.
INFO 2014-08-05 11:23:21 超级系统管理员用户,已经登录esk2系统.
INFO 2014-08-05 11:23:43 超级系统管理员用户,已经登录esk2系统.
INFO 2014-08-05 11:23:43 超级系统管理员用户,已经退出系统.
INFO 2014-08-05 11:24:05 超级系统管理员用户,已经登录esk2系统.
INFO 2014-08-05 11:24:05 超级系统管理员用户,已经退出系统.
INFO 2014-08-05 11:24:25 超级系统管理员用户,已经登录esk2系统.
INFO 2014-08-05 11:24:25 超级系统管理员用户,已经退出系统.
INFO 2014-08-05 11:24:51 超级系统管理员用户,已经登录esk2系统.
INFO 2014-08-05 11:24:51 超级系统管理员用户,已经退出系统.
INFO 2014-08-05 11:25:24 超级系统管理员用户,已经登录esk2系统.
INFO 2014-08-05 11:25:24 超级系统管理员用户,已经退出系统.
INFO 2014-08-05 11:25:54 超级系统管理员用户,已经登录esk2系统.
INFO 2014-08-05 11:25:54 超级系统管理员用户,已经退出系统.
INFO 2014-08-05 11:26:17 超级系统管理员用户,已经登录esk2系统.
INFO 2014-08-05 11:26:17 超级系统管理员用户,已经退出系统.
INFO 2014-08-05 11:26:50 超级系统管理员用户,已经登录esk2系统.
INFO 2014-08-05 11:26:50 超级系统管理员用户,已经退出系统.
INFO 2014-08-05 11:27:07 超级系统管理员用户,已经登录esk2系统.
INFO 2014-08-05 11:27:07 超级系统管理员用户,已经退出系统.
INFO 2014-08-05 11:27:20 超级系统管理员用户,已经登录esk2系统.
INFO 2014-08-05 11:27:20 超级系统管理员用户,已经退出系统.
INFO 2014-08-05 11:27:36 超级系统管理员用户,已经登录esk2系统.
INFO 2014-08-05 11:27:37 超级系统管理员用户,已经退出系统.
INFO 2014-08-05 11:27:46 超级系统管理员用户,已经登录esk2系统.
INFO 2014-08-05 11:27:46 超级系统管理员用户,已经退出系统.
INFO 2014-08-05 11:28:10 超级系统管理员用户,已经登录esk2系统.
INFO 2014-08-05 11:28:10 超级系统管理员用户,已经退出系统.
INFO 2014-08-05 11:28:18 超级系统管理员用户,已经登录esk2系统.
INFO 2014-08-05 11:28:18 超级系统管理员用户,已经退出系统.
INFO 2014-08-05 11:31:42 超级系统管理员用户,已经登录esk2系统.
INFO 2014-08-05 11:31:42 超级系统管理员用户,已经退出系统.
INFO 2014-08-05 11:33:33 超级系统管理员用户,已经登录esk2系统.
INFO 2014-08-05 11:33:33 超级系统管理员用户,已经退出系统.
INFO 2014-08-05 11:33:42 超级系统管理员用户,已经登录esk2系统.
INFO 2014-08-05 11:33:42 超级系统管理员用户,已经退出系统.
INFO 2014-08-05 11:34:20 超级系统管理员用户,已经登录esk2系统.
INFO 2014-08-05 11:34:20 超级系统管理员用户,已经退出系统.
INFO 2014-08-05 11:34:52 超级系统管理员用户,已经登录esk2系统.
INFO 2014-08-05 11:34:52 超级系统管理员用户,已经退出系统.
INFO 2014-08-05 11:35:06 超级系统管理员用户,已经登录esk2系统.
INFO 2014-08-05 11:35:06 超级系统管理员用户,已经退出系统.
INFO 2014-08-05 11:35:14 超级系统管理员用户,已经登录esk2系统.
INFO 2014-08-05 11:35:15 超级系统管理员用户,已经退出系统.
INFO 2014-08-05 11:35:28 超级系统管理员用户,已经登录esk2系统.
INFO 2014-08-05 11:35:28 超级系统管理员用户,已经退出系统.
INFO 2014-08-05 11:36:11 超级系统管理员用户,已经登录esk2系统.
INFO 2014-08-05 11:36:11 超级系统管理员用户,已经退出系统.
INFO 2014-08-05 11:36:19 超级系统管理员用户,已经登录esk2系统.
INFO 2014-08-05 11:36:19 超级系统管理员用户,已经退出系统.
INFO 2014-08-05 11:37:10 超级系统管理员用户,已经登录esk2系统.
INFO 2014-08-05 12:08:04 超级系统管理员已经退出系统.
INFO 2014-08-05 13:54:38 会话已创建
INFO 2014-08-05 13:54:38 超级系统管理员用户,已经登录esk2系统.
INFO 2014-08-05 13:54:38 超级系统管理员用户,已经退出系统.
INFO 2014-08-05 13:55:19 超级系统管理员用户,已经登录esk2系统.
INFO 2014-08-05 13:55:19 超级系统管理员用户,已经退出系统.
INFO 2014-08-05 13:55:36 超级系统管理员用户,已经登录esk2系统.
INFO 2014-08-05 13:55:36 超级系统管理员用户,已经退出系统.
INFO 2014-08-06 13:52:45 会话已创建
INFO 2014-08-06 13:52:45 会话已创建
INFO 2014-08-06 13:52:52 超级系统管理员用户,已经登录esk2系统.
INFO 2014-08-06 13:53:02 列表主赛场管理成功.
INFO 2014-08-06 13:53:04 浏览主赛场管理成功.
INFO 2014-08-06 13:53:36 列表主赛场管理成功.
INFO 2014-08-06 13:53:43 sql执行时间:24
INFO 2014-08-06 14:02:01 列表试玩赛场管理成功.
INFO 2014-08-06 14:02:02 列表分赛场管理成功.
INFO 2014-08-06 14:32:39 超级系统管理员已经退出系统.
INFO 2014-08-06 14:51:29 会话已创建
INFO 2014-08-06 16:46:41 会话已创建
INFO 2014-08-06 16:46:49 超级系统管理员用户,已经登录esk2系统.
INFO 2014-08-06 17:17:40 超级系统管理员已经退出系统.
INFO 2014-08-07 11:21:46 会话已创建
INFO 2014-08-07 11:21:54 超级系统管理员用户,已经登录esk2系统.
INFO 2014-08-07 11:22:07 列表主赛场管理成功.
INFO 2014-08-07 11:22:10 浏览主赛场管理成功.
INFO 2014-08-07 11:23:27 列表作业调度成功.
INFO 2014-08-07 11:23:29 列表数据词典成功.
INFO 2014-08-07 11:24:20 列表分赛场管理成功.
INFO 2014-08-07 11:24:21 列表试玩赛场管理成功.
INFO 2014-08-07 11:24:28 列表作业对象注册成功.
INFO 2014-08-07 11:24:30 列表菜单管理成功.
INFO 2014-08-07 11:24:47 列表操作员管理成功.
INFO 2014-08-07 11:24:52 列表权限成功.
INFO 2014-08-07 11:55:36 超级系统管理员已经退出系统.
INFO 2014-08-08 14:00:03 会话已创建
INFO 2014-08-08 14:00:03 会话已创建
INFO 2014-08-08 14:00:10 超级系统管理员用户,已经登录esk2系统.
INFO 2014-08-08 14:01:07 列表报表设计成功.
INFO 2014-08-08 14:01:10 列表报表设计成功.
INFO 2014-08-08 14:01:11 列表报表设计成功.
INFO 2014-08-08 14:07:21 列表权限成功.
INFO 2014-08-08 14:07:23 浏览权限成功.
INFO 2014-08-08 14:07:31 操作权限[进入设置权限]成功.
INFO 2014-08-08 14:09:37 浏览权限成功.
INFO 2014-08-08 14:09:45 操作权限[进入设置权限]成功.
INFO 2014-08-08 14:13:15 超级系统管理员用户,已经登录esk2系统.
INFO 2014-08-08 14:13:15 超级系统管理员用户,已经退出系统.
INFO 2014-08-08 14:13:28 超级系统管理员用户,已经登录esk2系统.
INFO 2014-08-08 14:13:33 列表权限成功.
INFO 2014-08-08 14:13:34 浏览权限成功.
INFO 2014-08-08 14:13:39 操作权限[进入设置权限]成功.
INFO 2014-08-08 14:15:15 浏览权限成功.
INFO 2014-08-08 14:18:36 操作权限[进入设置权限]成功.
INFO 2014-08-08 14:48:56 超级系统管理员已经退出系统.
INFO 2014-08-08 14:54:29 会话已创建
INFO 2014-08-08 14:54:36 超级系统管理员用户,已经登录esk2系统.
INFO 2014-08-08 14:54:40 列表操作员管理成功.
INFO 2014-08-08 14:54:42 浏览操作员管理成功.
INFO 2014-08-08 14:54:45 修改操作员管理成功.
INFO 2014-08-08 14:54:58 浏览操作员管理成功.
INFO 2014-08-08 14:55:04 修改登录广告成功.
INFO 2014-08-08 14:55:59 列表权限成功.
INFO 2014-08-08 14:56:01 浏览权限成功.
INFO 2014-08-08 14:57:27 列表权限成功.
INFO 2014-08-08 14:57:28 浏览权限成功.
INFO 2014-08-08 14:59:06 列表菜单管理成功.
INFO 2014-08-08 14:59:25 列表数据词典成功.
INFO 2014-08-08 14:59:26 列表作业对象注册成功.
INFO 2014-08-08 14:59:27 列表作业调度成功.
INFO 2014-08-08 15:02:31 超级系统管理员用户,已经退出系统.
INFO 2014-08-08 15:02:33 超级系统管理员用户,已经登录esk2系统.
INFO 2014-08-08 15:02:38 列表权限成功.
INFO 2014-08-08 15:02:39 浏览权限成功.
INFO 2014-08-08 15:02:42 操作权限[进入设置权限]成功.
INFO 2014-08-08 15:03:37 超级系统管理员用户,已经退出系统.
INFO 2014-08-08 15:03:41 超级系统管理员用户,已经登录esk2系统.
INFO 2014-08-08 15:03:47 列表权限成功.
INFO 2014-08-08 15:03:48 浏览权限成功.
INFO 2014-08-08 15:03:52 操作权限[进入设置权限]成功.
INFO 2014-08-08 15:04:12 浏览权限成功.
INFO 2014-08-08 15:04:15 操作权限[进入设置权限]成功.
INFO 2014-08-08 15:04:26 浏览权限成功.
INFO 2014-08-08 15:07:15 列表权限成功.
INFO 2014-08-08 15:07:17 浏览权限成功.
INFO 2014-08-08 15:08:16 列表权限成功.
INFO 2014-08-08 15:09:04 超级系统管理员用户,已经退出系统.
INFO 2014-08-08 15:09:07 超级系统管理员用户,已经登录esk2系统.
INFO 2014-08-08 15:09:12 列表权限成功.
INFO 2014-08-08 15:09:13 浏览权限成功.
INFO 2014-08-08 15:10:32 会话已创建
INFO 2014-08-08 15:11:05 超级系统管理员用户,已经登录esk2系统.
INFO 2014-08-08 15:11:11 列表权限成功.
INFO 2014-08-08 15:11:13 浏览权限成功.
INFO 2014-08-08 15:11:35 列表权限成功.
INFO 2014-08-08 15:11:37 浏览权限成功.
INFO 2014-08-08 15:11:49 操作权限[进入设置权限]成功.
INFO 2014-08-08 15:12:08 浏览权限成功.
INFO 2014-08-08 15:12:11 操作权限[进入设置权限]成功.
INFO 2014-08-08 15:12:38 浏览权限成功.
INFO 2014-08-08 15:12:40 列表权限成功.
INFO 2014-08-08 15:13:11 浏览权限成功.
INFO 2014-08-08 15:13:29 列表权限成功.
INFO 2014-08-08 15:13:31 浏览权限成功.
INFO 2014-08-08 15:13:34 操作权限[进入设置权限]成功.
INFO 2014-08-08 15:13:54 浏览权限成功.
INFO 2014-08-08 15:14:56 修改登录广告成功.
INFO 2014-08-08 15:15:21 列表权限成功.
INFO 2014-08-08 15:15:23 浏览权限成功.
INFO 2014-08-08 15:15:35 会话已创建
INFO 2014-08-08 15:15:41 超级系统管理员用户,已经登录esk2系统.
INFO 2014-08-08 15:15:45 列表权限成功.
INFO 2014-08-08 15:15:47 浏览权限成功.
INFO 2014-08-08 15:16:26 修改登录广告成功.
INFO 2014-08-08 15:16:33 列表试玩赛场管理成功.
INFO 2014-08-08 15:16:37 查找试玩赛场管理成功.
INFO 2014-08-08 15:16:40 浏览试玩赛场管理成功.
INFO 2014-08-08 15:16:43 列表试玩赛场管理成功.
INFO 2014-08-08 15:39:57 超级系统管理员已经退出系统.
INFO 2014-08-08 15:43:00 会话已创建
INFO 2014-08-08 15:43:01 会话已创建
INFO 2014-08-08 15:43:05 超级系统管理员用户,已经登录esk2系统.
INFO 2014-08-08 15:44:01 超级系统管理员用户,已经退出系统.
INFO 2014-08-08 15:44:47 列表作业对象注册成功.
INFO 2014-08-08 15:44:53 浏览作业对象注册成功.
INFO 2014-08-08 15:44:56 列表作业对象注册成功.
INFO 2014-08-08 15:45:57 超级系统管理员已经退出系统.
INFO 2014-08-08 16:14:58 超级系统管理员已经退出系统.
INFO 2014-08-13 14:19:58 会话已创建
INFO 2014-08-13 14:19:58 会话已创建
INFO 2014-08-13 14:20:06 超级系统管理员用户,已经登录esk2系统.
INFO 2014-08-13 14:20:14 列表菜单管理成功.
INFO 2014-08-13 14:22:46 列表菜单管理成功.
INFO 2014-08-13 14:23:05 列表菜单管理成功.
INFO 2014-08-13 14:24:04 列表报表设计成功.
INFO 2014-08-13 14:24:29 列表报表控件成功.
INFO 2014-08-13 14:24:32 列表报表设计成功.
INFO 2014-08-13 14:24:50 列表菜单管理成功.
INFO 2014-08-13 14:24:57 调整保存菜单管理成功.
INFO 2014-08-13 14:25:31 列表菜单管理成功.
INFO 2014-08-13 14:25:35 列表菜单管理成功.
INFO 2014-08-13 14:25:42 调整保存菜单管理成功.
INFO 2014-08-13 14:26:13 列表菜单管理成功.
INFO 2014-08-13 14:26:15 调整保存菜单管理成功.
INFO 2014-08-13 14:26:46 列表菜单管理成功.
INFO 2014-08-13 14:26:47 调整保存菜单管理成功.
INFO 2014-08-13 14:27:09 列表菜单管理成功.
INFO 2014-08-13 14:27:11 调整保存菜单管理成功.
INFO 2014-08-13 14:27:24 列表菜单管理成功.
INFO 2014-08-13 14:27:25 调整保存菜单管理成功.
INFO 2014-08-13 14:27:39 列表菜单管理成功.
INFO 2014-08-13 14:27:40 调整保存菜单管理成功.
INFO 2014-08-13 14:27:57 列表菜单管理成功.
INFO 2014-08-13 14:27:58 调整保存菜单管理成功.
INFO 2014-08-13 14:29:04 列表菜单管理成功.
INFO 2014-08-13 14:29:05 调整保存菜单管理成功.
INFO 2014-08-13 14:29:35 列表菜单管理成功.
INFO 2014-08-13 14:29:36 调整保存菜单管理成功.
INFO 2014-08-13 14:29:47 调整保存菜单管理成功.
INFO 2014-08-13 14:30:49 列表菜单管理成功.
INFO 2014-08-13 14:30:51 调整保存菜单管理成功.
INFO 2014-08-13 14:31:07 调整保存菜单管理成功.
INFO 2014-08-13 14:31:16 调整保存菜单管理成功.
INFO 2014-08-13 14:31:35 列表菜单管理成功.
INFO 2014-08-13 14:31:36 调整保存菜单管理成功.
INFO 2014-08-13 14:31:51 列表菜单管理成功.
INFO 2014-08-13 14:31:58 列表菜单管理成功.
INFO 2014-08-13 14:31:59 调整保存菜单管理成功.
INFO 2014-08-13 14:32:32 列表菜单管理成功.
INFO 2014-08-13 14:32:33 调整保存菜单管理成功.
INFO 2014-08-13 14:32:44 列表菜单管理成功.
INFO 2014-08-13 14:32:46 调整保存菜单管理成功.
INFO 2014-08-13 14:32:56 列表菜单管理成功.
INFO 2014-08-13 14:32:57 调整保存菜单管理成功.
INFO 2014-08-13 14:34:00 列表菜单管理成功.
INFO 2014-08-13 14:34:01 调整保存菜单管理成功.
INFO 2014-08-13 14:34:04 调整保存菜单管理成功.
INFO 2014-08-13 14:34:04 调整保存菜单管理成功.
INFO 2014-08-13 14:34:05 调整保存菜单管理成功.
INFO 2014-08-13 14:34:05 调整保存菜单管理成功.
INFO 2014-08-13 14:34:07 列表菜单管理成功.
INFO 2014-08-13 14:34:09 调整保存菜单管理成功.
INFO 2014-08-13 14:34:12 调整保存菜单管理成功.
INFO 2014-08-13 14:34:12 调整保存菜单管理成功.
INFO 2014-08-13 14:34:12 调整保存菜单管理成功.
INFO 2014-08-13 14:34:12 调整保存菜单管理成功.
INFO 2014-08-13 14:34:14 列表菜单管理成功.
INFO 2014-08-13 14:34:18 列表菜单管理成功.
INFO 2014-08-13 14:34:21 调整保存菜单管理成功.
INFO 2014-08-13 14:34:44 调整保存菜单管理成功.
INFO 2014-08-13 14:34:56 列表菜单管理成功.
INFO 2014-08-13 14:35:04 调整保存菜单管理成功.
INFO 2014-08-13 14:35:08 列表菜单管理成功.
INFO 2014-08-13 14:36:04 调整保存菜单管理成功.
INFO 2014-08-13 14:36:18 列表菜单管理成功.
INFO 2014-08-13 14:36:19 调整保存菜单管理成功.
INFO 2014-08-13 14:36:27 列表菜单管理成功.
INFO 2014-08-13 14:36:28 调整保存菜单管理成功.
INFO 2014-08-13 14:36:30 列表菜单管理成功.
INFO 2014-08-13 14:36:39 调整保存菜单管理成功.
INFO 2014-08-13 14:36:48 列表菜单管理成功.
INFO 2014-08-13 14:36:49 调整保存菜单管理成功.
INFO 2014-08-13 14:36:59 列表菜单管理成功.
INFO 2014-08-13 14:37:00 调整保存菜单管理成功.
INFO 2014-08-13 14:37:12 列表菜单管理成功.
INFO 2014-08-13 14:37:14 调整保存菜单管理成功.
INFO 2014-08-13 14:37:45 列表菜单管理成功.
INFO 2014-08-13 14:37:47 调整保存菜单管理成功.
INFO 2014-08-13 14:37:51 列表菜单管理成功.
INFO 2014-08-13 14:38:22 浏览菜单管理成功.
INFO 2014-08-13 14:38:26 列表菜单管理成功.
INFO 2014-08-13 14:38:29 增加菜单管理成功.
INFO 2014-08-13 14:38:33 列表菜单管理成功.
INFO 2014-08-13 14:38:52 列表菜单管理成功.
INFO 2014-08-13 14:38:56 列表菜单管理成功.
INFO 2014-08-13 14:39:00 列表数据词典成功.
INFO 2014-08-13 14:39:03 浏览数据词典成功.
INFO 2014-08-13 14:39:20 列表数据词典成功.
INFO 2014-08-13 14:39:22 查找数据词典成功.
INFO 2014-08-13 14:40:10 查找数据词典成功.
INFO 2014-08-13 14:40:14 列表作业对象注册成功.
INFO 2014-08-13 14:40:16 查找作业对象注册成功.
INFO 2014-08-13 14:40:20 列表作业调度成功.
INFO 2014-08-13 14:40:22 浏览作业调度成功.
INFO 2014-08-13 14:41:29 列表作业调度成功.
INFO 2014-08-13 14:41:31 浏览作业调度成功.
INFO 2014-08-13 14:41:35 修改作业调度成功.
INFO 2014-08-13 14:41:39 修改保存作业调度[1]成功.
INFO 2014-08-13 14:41:39 浏览作业调度成功.
INFO 2014-08-13 14:46:38 列表报表控件成功.
INFO 2014-08-13 14:46:40 查找报表控件成功.
INFO 2014-08-13 14:46:43 浏览报表控件成功.
INFO 2014-08-13 14:46:47 浏览明细报表控件成功.
INFO 2014-08-13 14:46:56 浏览报表控件成功.
INFO 2014-08-13 14:46:59 列表报表控件成功.
INFO 2014-08-13 14:47:00 列表报表插件成功.
INFO 2014-08-13 14:47:51 列表报表设计成功.
INFO 2014-08-13 14:47:54 增加报表设计成功.
INFO 2014-08-13 14:47:59 列表报表设计成功.
INFO 2014-08-13 14:48:02 列表报表设计成功.
INFO 2014-08-13 14:48:04 列表报表设计成功.
INFO 2014-08-13 14:48:05 列表报表设计成功.
INFO 2014-08-13 14:48:05 列表报表设计成功.
INFO 2014-08-13 14:48:07 列表报表设计成功.
INFO 2014-08-13 14:48:09 列表报表设计成功.
INFO 2014-08-13 14:48:13 列表报表设计成功.
INFO 2014-08-13 14:48:15 列表报表设计成功.
INFO 2014-08-13 14:48:22 浏览报表设计成功.
INFO 2014-08-13 14:49:56 列表报表设计成功.
INFO 2014-08-13 14:49:58 浏览报表设计成功.
INFO 2014-08-13 14:51:10 列表报表设计成功.
INFO 2014-08-13 14:51:12 浏览报表设计成功.
INFO 2014-08-13 14:52:28 列表报表设计成功.
INFO 2014-08-13 14:52:29 浏览报表设计成功.
INFO 2014-08-13 14:53:28 列表报表设计成功.
INFO 2014-08-13 14:53:30 浏览报表设计成功.
INFO 2014-08-13 14:53:43 列表报表设计成功.
INFO 2014-08-13 14:53:44 浏览报表设计成功.
INFO 2014-08-13 14:55:12 列表报表设计成功.
INFO 2014-08-13 14:55:14 浏览报表设计成功.
INFO 2014-08-13 14:56:12 列表报表设计成功.
INFO 2014-08-13 14:56:13 浏览报表设计成功.
INFO 2014-08-13 14:57:06 列表报表设计成功.
INFO 2014-08-13 14:57:08 浏览报表设计成功.
INFO 2014-08-13 14:57:45 列表报表设计成功.
INFO 2014-08-13 14:57:47 浏览报表设计成功.
INFO 2014-08-13 14:58:10 列表报表设计成功.
INFO 2014-08-13 14:58:12 浏览报表设计成功.
INFO 2014-08-13 14:58:25 列表报表设计成功.
INFO 2014-08-13 14:58:27 浏览报表设计成功.
INFO 2014-08-13 14:58:36 列表报表设计成功.
INFO 2014-08-13 14:58:40 浏览报表设计成功.
INFO 2014-08-13 14:58:42 增加成功.
INFO 2014-08-13 14:58:55 浏览报表设计成功.
INFO 2014-08-13 14:58:56 增加成功.
INFO 2014-08-13 14:58:59 浏览报表设计成功.
INFO 2014-08-13 14:59:27 列表报表插件成功.
INFO 2014-08-13 14:59:29 列表报表控件成功.
INFO 2014-08-13 14:59:41 浏览报表设计成功.
INFO 2014-08-13 14:59:42 增加成功.
INFO 2014-08-13 14:59:46 浏览报表设计成功.
INFO 2014-08-13 14:59:47 增加成功.
INFO 2014-08-13 14:59:49 浏览报表设计成功.
INFO 2014-08-13 14:59:50 增加成功.
INFO 2014-08-13 14:59:53 浏览报表设计成功.
INFO 2014-08-13 14:59:56 增加成功.
INFO 2014-08-13 14:59:58 浏览报表设计成功.
INFO 2014-08-13 15:02:15 列表报表设计成功.
INFO 2014-08-13 15:02:30 浏览报表设计成功.
INFO 2014-08-13 15:04:20 超级系统管理员用户,已经登录esk2系统.
INFO 2014-08-13 15:04:38 列表报表设计成功.
INFO 2014-08-13 15:04:40 列表报表设计成功.
INFO 2014-08-13 15:04:42 浏览报表设计成功.
INFO 2014-08-13 15:05:47 超级系统管理员用户,已经登录esk2系统.
INFO 2014-08-13 15:05:54 列表报表设计成功.
INFO 2014-08-13 15:05:58 列表报表设计成功.
INFO 2014-08-13 15:06:01 浏览报表设计成功.
INFO 2014-08-13 15:07:56 超级系统管理员用户,已经登录esk2系统.
INFO 2014-08-13 15:08:01 列表报表设计成功.
INFO 2014-08-13 15:08:04 列表报表设计成功.
INFO 2014-08-13 15:08:06 浏览报表设计成功.
INFO 2014-08-13 15:08:12 sql执行时间:23
INFO 2014-08-13 15:08:12 报表生成时间:143
INFO 2014-08-13 15:08:51 列表报表设计成功.
INFO 2014-08-13 15:08:55 列表报表设计成功.
INFO 2014-08-13 15:13:00 会话已创建
INFO 2014-08-13 15:13:13 超级系统管理员用户,已经登录esk2系统.
INFO 2014-08-13 15:13:33 超级系统管理员用户,已经退出系统.
INFO 2014-08-13 15:28:12 超级系统管理员用户,已经退出系统.
INFO 2014-08-13 15:47:33 超级系统管理员用户,已经登录esk2系统.
INFO 2014-08-13 15:53:51 列表分赛场管理成功.
INFO 2014-08-13 15:53:58 浏览分赛场管理成功.
INFO 2014-08-13 15:54:20 列表分赛场管理成功.
INFO 2014-08-13 15:55:31 浏览分赛场管理成功.
INFO 2014-08-13 15:55:36 修改分赛场管理成功.
INFO 2014-08-13 15:55:40 浏览分赛场管理成功.
INFO 2014-08-13 15:55:54 修改分赛场管理成功.
INFO 2014-08-13 15:55:59 修改保存分赛场管理[14]成功.
INFO 2014-08-13 15:55:59 浏览分赛场管理成功.
INFO 2014-08-13 16:26:47 超级系统管理员已经退出系统.
